TI ARM Assembler PC v5.1.7 Tue Nov 11 07:32:42 2014

Tools Copyright (c) 1996-2014 Texas Instruments Incorporated
startup_ccs.asm                                                      PAGE    1

       1                    ;******************************************************************************
       2                    ;* TI ARM C/C++ Codegen                                             PC v5.1.7 *
       3                    ;* Date/Time created: Tue Nov 11 07:32:42 2014                                *
       4                    ;******************************************************************************
       5                            .compiler_opts --abi=eabi --arm_vmrs_si_workaround=off --code_state=16 --disable_dual_state --
       6 00000000                   .thumb
       7                    
       8                    $C$DW$CU        .dwtag  DW_TAG_compile_unit
       9                            .dwattr $C$DW$CU, DW_AT_name("../startup_ccs.c")
      10                            .dwattr $C$DW$CU, DW_AT_producer("TI TI ARM C/C++ Codegen PC v5.1.7 Copyright (c) 1996-2014 Te
      11                            .dwattr $C$DW$CU, DW_AT_TI_version(0x01)
      12                            .dwattr $C$DW$CU, DW_AT_comp_dir("H:\EECS_388\TI_ARM_Projects\FreeRTOS_Timer_Lab6\Debug")
      13                    
      14                    $C$DW$1 .dwtag  DW_TAG_subprogram, DW_AT_name("xPortPendSVHandler")
      15                            .dwattr $C$DW$1, DW_AT_TI_symbol_name("xPortPendSVHandler")
      16                            .dwattr $C$DW$1, DW_AT_declaration
      17                            .dwattr $C$DW$1, DW_AT_external
      18                            .dwattr $C$DW$1, DW_AT_decl_file("../startup_ccs.c")
      19                            .dwattr $C$DW$1, DW_AT_decl_line(0x31)
      20                            .dwattr $C$DW$1, DW_AT_decl_column(0x0d)
      21                    
      22                    $C$DW$2 .dwtag  DW_TAG_subprogram, DW_AT_name("vPortSVCHandler")
      23                            .dwattr $C$DW$2, DW_AT_TI_symbol_name("vPortSVCHandler")
      24                            .dwattr $C$DW$2, DW_AT_declaration
      25                            .dwattr $C$DW$2, DW_AT_external
      26                            .dwattr $C$DW$2, DW_AT_decl_file("../startup_ccs.c")
      27                            .dwattr $C$DW$2, DW_AT_decl_line(0x32)
      28                            .dwattr $C$DW$2, DW_AT_decl_column(0x0d)
      29                    
      30                    $C$DW$3 .dwtag  DW_TAG_subprogram, DW_AT_name("xPortSysTickHandler")
      31                            .dwattr $C$DW$3, DW_AT_TI_symbol_name("xPortSysTickHandler")
      32                            .dwattr $C$DW$3, DW_AT_declaration
      33                            .dwattr $C$DW$3, DW_AT_external
      34                            .dwattr $C$DW$3, DW_AT_decl_file("../startup_ccs.c")
      35                            .dwattr $C$DW$3, DW_AT_decl_line(0x33)
      36                            .dwattr $C$DW$3, DW_AT_decl_column(0x0d)
      37                    
      38                    $C$DW$4 .dwtag  DW_TAG_subprogram, DW_AT_name("Timer_0_A_ISR_Handler")
      39                            .dwattr $C$DW$4, DW_AT_TI_symbol_name("Timer_0_A_ISR_Handler")
      40                            .dwattr $C$DW$4, DW_AT_declaration
      41                            .dwattr $C$DW$4, DW_AT_external
      42                            .dwattr $C$DW$4, DW_AT_decl_file("../startup_ccs.c")
      43                            .dwattr $C$DW$4, DW_AT_decl_line(0x37)
      44                            .dwattr $C$DW$4, DW_AT_decl_column(0x0d)
      45 00000000           pulStack:       .usect  ".bss:pulStack",256,4
      46                    $C$DW$5 .dwtag  DW_TAG_variable, DW_AT_name("pulStack")
      47                            .dwattr $C$DW$5, DW_AT_TI_symbol_name("pulStack")
      48                            .dwattr $C$DW$5, DW_AT_type(*$C$DW$T$23)
      49                            .dwattr $C$DW$5, DW_AT_location[DW_OP_addr pulStack]
      50                            .dwattr $C$DW$5, DW_AT_decl_file("../startup_ccs.c")
      51                            .dwattr $C$DW$5, DW_AT_decl_line(0x41)
      52                            .dwattr $C$DW$5, DW_AT_decl_column(0x16)
      53                            .global g_pfnVectors
      54 00000000                   .sect   ".intvecs"
      55                            .align  4
TI ARM Assembler PC v5.1.7 Tue Nov 11 07:32:42 2014

Tools Copyright (c) 1996-2014 Texas Instruments Incorporated
startup_ccs.asm                                                      PAGE    2

      56                            .elfsym g_pfnVectors,SYM_SIZE(240)
      57 00000000           g_pfnVectors:
      58 00000000 00000100!         .bits   pulStack+256,32         ; g_pfnVectors[0] @ 0
      59 00000004 00000000!         .bits   ResetISR,32             ; g_pfnVectors[1] @ 32
      60 00000008 00000000!         .bits   NmiSR,32                ; g_pfnVectors[2] @ 64
      61 0000000c 00000000!         .bits   FaultISR,32             ; g_pfnVectors[3] @ 96
      62 00000010 00000000!         .bits   IntDefaultHandler,32            ; g_pfnVectors[4] @ 128
      63 00000014 00000000!         .bits   IntDefaultHandler,32            ; g_pfnVectors[5] @ 160
      64 00000018 00000000!         .bits   IntDefaultHandler,32            ; g_pfnVectors[6] @ 192
      65 0000001c 00000000          .bits   0,32                    ; g_pfnVectors[7] @ 224
      66 00000020 00000000          .bits   0,32                    ; g_pfnVectors[8] @ 256
      67 00000024 00000000          .bits   0,32                    ; g_pfnVectors[9] @ 288
      68 00000028 00000000          .bits   0,32                    ; g_pfnVectors[10] @ 320
      69 0000002c 00000000!         .bits   vPortSVCHandler,32              ; g_pfnVectors[11] @ 352
      70 00000030 00000000!         .bits   IntDefaultHandler,32            ; g_pfnVectors[12] @ 384
      71 00000034 00000000          .bits   0,32                    ; g_pfnVectors[13] @ 416
      72 00000038 00000000!         .bits   xPortPendSVHandler,32           ; g_pfnVectors[14] @ 448
      73 0000003c 00000000!         .bits   xPortSysTickHandler,32          ; g_pfnVectors[15] @ 480
      74 00000040 00000000!         .bits   IntDefaultHandler,32            ; g_pfnVectors[16] @ 512
      75 00000044 00000000!         .bits   IntDefaultHandler,32            ; g_pfnVectors[17] @ 544
      76 00000048 00000000!         .bits   IntDefaultHandler,32            ; g_pfnVectors[18] @ 576
      77 0000004c 00000000!         .bits   IntDefaultHandler,32            ; g_pfnVectors[19] @ 608
      78 00000050 00000000!         .bits   IntDefaultHandler,32            ; g_pfnVectors[20] @ 640
      79 00000054 00000000!         .bits   IntDefaultHandler,32            ; g_pfnVectors[21] @ 672
      80 00000058 00000000!         .bits   IntDefaultHandler,32            ; g_pfnVectors[22] @ 704
      81 0000005c 00000000!         .bits   IntDefaultHandler,32            ; g_pfnVectors[23] @ 736
      82 00000060 00000000!         .bits   IntDefaultHandler,32            ; g_pfnVectors[24] @ 768
      83 00000064 00000000!         .bits   IntDefaultHandler,32            ; g_pfnVectors[25] @ 800
      84 00000068 00000000!         .bits   IntDefaultHandler,32            ; g_pfnVectors[26] @ 832
      85 0000006c 00000000!         .bits   IntDefaultHandler,32            ; g_pfnVectors[27] @ 864
      86 00000070 00000000!         .bits   IntDefaultHandler,32            ; g_pfnVectors[28] @ 896
      87 00000074 00000000!         .bits   IntDefaultHandler,32            ; g_pfnVectors[29] @ 928
      88 00000078 00000000!         .bits   IntDefaultHandler,32            ; g_pfnVectors[30] @ 960
      89 0000007c 00000000!         .bits   IntDefaultHandler,32            ; g_pfnVectors[31] @ 992
      90 00000080 00000000!         .bits   IntDefaultHandler,32            ; g_pfnVectors[32] @ 1024
      91 00000084 00000000!         .bits   IntDefaultHandler,32            ; g_pfnVectors[33] @ 1056
      92 00000088 00000000!         .bits   IntDefaultHandler,32            ; g_pfnVectors[34] @ 1088
      93 0000008c 00000000!         .bits   Timer_0_A_ISR_Handler,32                ; g_pfnVectors[35] @ 1120
      94 00000090 00000000!         .bits   IntDefaultHandler,32            ; g_pfnVectors[36] @ 1152
      95 00000094 00000000!         .bits   IntDefaultHandler,32            ; g_pfnVectors[37] @ 1184
      96 00000098 00000000!         .bits   IntDefaultHandler,32            ; g_pfnVectors[38] @ 1216
      97 0000009c 00000000!         .bits   IntDefaultHandler,32            ; g_pfnVectors[39] @ 1248
      98 000000a0 00000000!         .bits   IntDefaultHandler,32            ; g_pfnVectors[40] @ 1280
      99 000000a4 00000000!         .bits   IntDefaultHandler,32            ; g_pfnVectors[41] @ 1312
     100 000000a8 00000000!         .bits   IntDefaultHandler,32            ; g_pfnVectors[42] @ 1344
     101 000000ac 00000000!         .bits   IntDefaultHandler,32            ; g_pfnVectors[43] @ 1376
     102 000000b0 00000000!         .bits   IntDefaultHandler,32            ; g_pfnVectors[44] @ 1408
     103 000000b4 00000000!         .bits   IntDefaultHandler,32            ; g_pfnVectors[45] @ 1440
     104 000000b8 00000000!         .bits   IntDefaultHandler,32            ; g_pfnVectors[46] @ 1472
     105 000000bc 00000000!         .bits   IntDefaultHandler,32            ; g_pfnVectors[47] @ 1504
     106 000000c0 00000000!         .bits   IntDefaultHandler,32            ; g_pfnVectors[48] @ 1536
     107 000000c4 00000000!         .bits   IntDefaultHandler,32            ; g_pfnVectors[49] @ 1568
     108 000000c8 00000000!         .bits   IntDefaultHandler,32            ; g_pfnVectors[50] @ 1600
     109 000000cc 00000000!         .bits   IntDefaultHandler,32            ; g_pfnVectors[51] @ 1632
     110 000000d0 00000000!         .bits   IntDefaultHandler,32            ; g_pfnVectors[52] @ 1664
TI ARM Assembler PC v5.1.7 Tue Nov 11 07:32:42 2014

Tools Copyright (c) 1996-2014 Texas Instruments Incorporated
startup_ccs.asm                                                      PAGE    3

     111 000000d4 00000000!         .bits   IntDefaultHandler,32            ; g_pfnVectors[53] @ 1696
     112 000000d8 00000000!         .bits   IntDefaultHandler,32            ; g_pfnVectors[54] @ 1728
     113 000000dc 00000000!         .bits   IntDefaultHandler,32            ; g_pfnVectors[55] @ 1760
     114 000000e0 00000000!         .bits   IntDefaultHandler,32            ; g_pfnVectors[56] @ 1792
     115 000000e4 00000000          .bits   0,32                    ; g_pfnVectors[57] @ 1824
     116 000000e8 00000000!         .bits   IntDefaultHandler,32            ; g_pfnVectors[58] @ 1856
     117 000000ec 00000000!         .bits   IntDefaultHandler,32            ; g_pfnVectors[59] @ 1888
     118                    
     119                    $C$DW$6 .dwtag  DW_TAG_variable, DW_AT_name("g_pfnVectors")
     120                            .dwattr $C$DW$6, DW_AT_TI_symbol_name("g_pfnVectors")
     121                            .dwattr $C$DW$6, DW_AT_location[DW_OP_addr g_pfnVectors]
     122                            .dwattr $C$DW$6, DW_AT_type(*$C$DW$T$22)
     123                            .dwattr $C$DW$6, DW_AT_external
     124                            .dwattr $C$DW$6, DW_AT_decl_file("../startup_ccs.c")
     125                            .dwattr $C$DW$6, DW_AT_decl_line(0x59)
     126                            .dwattr $C$DW$6, DW_AT_decl_column(0x0f)
     127                    ;       C:\TI_CodeComposer\ccsv6\tools\compiler\arm_5.1.7\bin\armacpia.exe -@C:\\Users\\cratnapa\\AppD
     128 00000000                   .sect   ".text"
     129                            .clink
     130                            .thumbfunc ResetISR
     131 00000000                   .thumb
     132                            .global ResetISR
     133                    
     134                    $C$DW$7 .dwtag  DW_TAG_subprogram, DW_AT_name("ResetISR")
     135                            .dwattr $C$DW$7, DW_AT_low_pc(ResetISR)
     136                            .dwattr $C$DW$7, DW_AT_high_pc(0x00)
     137                            .dwattr $C$DW$7, DW_AT_TI_symbol_name("ResetISR")
     138                            .dwattr $C$DW$7, DW_AT_external
     139                            .dwattr $C$DW$7, DW_AT_TI_begin_file("../startup_ccs.c")
     140                            .dwattr $C$DW$7, DW_AT_TI_begin_line(0xa5)
     141                            .dwattr $C$DW$7, DW_AT_TI_begin_column(0x01)
     142                            .dwattr $C$DW$7, DW_AT_decl_file("../startup_ccs.c")
     143                            .dwattr $C$DW$7, DW_AT_decl_line(0xa5)
     144                            .dwattr $C$DW$7, DW_AT_decl_column(0x01)
     145                            .dwattr $C$DW$7, DW_AT_TI_max_frame_size(0x00)
     146                            .dwpsn  file "../startup_ccs.c",line 166,column 1,is_stmt,address ResetISR,isa 1
     147                    
     148                            .dwfde $C$DW$CIE, ResetISR
     149                    
     150                    ;*****************************************************************************
     151                    ;* FUNCTION NAME: ResetISR                                                   *
     152                    ;*                                                                           *
     153                    ;*   Regs Modified     :                                                     *
     154                    ;*   Regs Used         : LR                                                  *
     155                    ;*   Local Frame Size  : 0 Args + 0 Auto + 0 Save = 0 byte                   *
     156                    ;*****************************************************************************
     157 00000000           ResetISR:
     158                    ;* --------------------------------------------------------------------------*
     159                            .dwcfi  cfa_offset, 0
     160                            .dwpsn  file "../startup_ccs.c",line 170,column 5,is_stmt,isa 1
     161                        .global _c_int00
     162 00000000 BFFEF7FF!     b.w     _c_int00 ; [KEEP 32-BIT INS]
     163                            .dwpsn  file "../startup_ccs.c",line 172,column 1,is_stmt,isa 1
     164                    $C$DW$8 .dwtag  DW_TAG_TI_branch
     165                            .dwattr $C$DW$8, DW_AT_low_pc(0x00)
TI ARM Assembler PC v5.1.7 Tue Nov 11 07:32:42 2014

Tools Copyright (c) 1996-2014 Texas Instruments Incorporated
startup_ccs.asm                                                      PAGE    4

     166                            .dwattr $C$DW$8, DW_AT_TI_return
     167 00000004 4770              BX        LR                    ; [DPU_3_PIPE]  ; [ORIG 16-BIT INS]
     168                            ; BRANCH OCCURS                  ; [] 
     169                            .dwattr $C$DW$7, DW_AT_TI_end_file("../startup_ccs.c")
     170                            .dwattr $C$DW$7, DW_AT_TI_end_line(0xac)
     171                            .dwattr $C$DW$7, DW_AT_TI_end_column(0x01)
     172                            .dwendentry
     173                            .dwendtag $C$DW$7
     174                    
     175 00000006                   .sect   ".text"
     176                            .clink
     177                            .thumbfunc NmiSR
     178 00000006                   .thumb
     179                    
     180                    $C$DW$9 .dwtag  DW_TAG_subprogram, DW_AT_name("NmiSR")
     181                            .dwattr $C$DW$9, DW_AT_low_pc(NmiSR)
     182                            .dwattr $C$DW$9, DW_AT_high_pc(0x00)
     183                            .dwattr $C$DW$9, DW_AT_TI_symbol_name("NmiSR")
     184                            .dwattr $C$DW$9, DW_AT_TI_begin_file("../startup_ccs.c")
     185                            .dwattr $C$DW$9, DW_AT_TI_begin_line(0xb6)
     186                            .dwattr $C$DW$9, DW_AT_TI_begin_column(0x01)
     187                            .dwattr $C$DW$9, DW_AT_decl_file("../startup_ccs.c")
     188                            .dwattr $C$DW$9, DW_AT_decl_line(0xb6)
     189                            .dwattr $C$DW$9, DW_AT_decl_column(0x01)
     190                            .dwattr $C$DW$9, DW_AT_TI_max_frame_size(0x00)
     191                            .dwpsn  file "../startup_ccs.c",line 183,column 1,is_stmt,address NmiSR,isa 1
     192                    
     193                            .dwfde $C$DW$CIE, NmiSR
     194                    
     195                    ;*****************************************************************************
     196                    ;* FUNCTION NAME: NmiSR                                                      *
     197                    ;*                                                                           *
     198                    ;*   Regs Modified     :                                                     *
     199                    ;*   Regs Used         : LR                                                  *
     200                    ;*   Local Frame Size  : 0 Args + 0 Auto + 0 Save = 0 byte                   *
     201                    ;*****************************************************************************
     202 00000006           NmiSR:
     203                    ;* --------------------------------------------------------------------------*
     204                            .dwcfi  cfa_offset, 0
     205                            .dwpsn  file "../startup_ccs.c",line 187,column 11,is_stmt,isa 1
     206                    ;* --------------------------------------------------------------------------*
     207                    ;*   BEGIN LOOP ||$C$L1||
     208                    ;*
     209                    ;*   Loop source line                : 187
     210                    ;*   Loop closing brace source line  : 189
     211                    ;*   Known Minimum Trip Count        : 1
     212                    ;*   Known Maximum Trip Count        : 4294967295
     213                    ;*   Known Max Trip Count Factor     : 1
     214                    ;* --------------------------------------------------------------------------*
     215 00000006           ||$C$L1||:    
     216 00000006 E7FE              B         ||$C$L1||             ; [DPU_3_PIPE] |187|  ; [ORIG 16-BIT INS]
     217                            ; BRANCH OCCURS {||$C$L1||}      ; [] |187| 
     218                    ;* --------------------------------------------------------------------------*
     219                            .dwattr $C$DW$9, DW_AT_TI_end_file("../startup_ccs.c")
     220                            .dwattr $C$DW$9, DW_AT_TI_end_line(0xbe)
TI ARM Assembler PC v5.1.7 Tue Nov 11 07:32:42 2014

Tools Copyright (c) 1996-2014 Texas Instruments Incorporated
startup_ccs.asm                                                      PAGE    5

     221                            .dwattr $C$DW$9, DW_AT_TI_end_column(0x01)
     222                            .dwendentry
     223                            .dwendtag $C$DW$9
     224                    
     225 00000008                   .sect   ".text"
     226                            .clink
     227                            .thumbfunc FaultISR
     228 00000008                   .thumb
     229                    
     230                    $C$DW$10        .dwtag  DW_TAG_subprogram, DW_AT_name("FaultISR")
     231                            .dwattr $C$DW$10, DW_AT_low_pc(FaultISR)
     232                            .dwattr $C$DW$10, DW_AT_high_pc(0x00)
     233                            .dwattr $C$DW$10, DW_AT_TI_symbol_name("FaultISR")
     234                            .dwattr $C$DW$10, DW_AT_TI_begin_file("../startup_ccs.c")
     235                            .dwattr $C$DW$10, DW_AT_TI_begin_line(0xc8)
     236                            .dwattr $C$DW$10, DW_AT_TI_begin_column(0x01)
     237                            .dwattr $C$DW$10, DW_AT_decl_file("../startup_ccs.c")
     238                            .dwattr $C$DW$10, DW_AT_decl_line(0xc8)
     239                            .dwattr $C$DW$10, DW_AT_decl_column(0x01)
     240                            .dwattr $C$DW$10, DW_AT_TI_max_frame_size(0x00)
     241                            .dwpsn  file "../startup_ccs.c",line 201,column 1,is_stmt,address FaultISR,isa 1
     242                    
     243                            .dwfde $C$DW$CIE, FaultISR
     244                    
     245                    ;*****************************************************************************
     246                    ;* FUNCTION NAME: FaultISR                                                   *
     247                    ;*                                                                           *
     248                    ;*   Regs Modified     :                                                     *
     249                    ;*   Regs Used         : LR                                                  *
     250                    ;*   Local Frame Size  : 0 Args + 0 Auto + 0 Save = 0 byte                   *
     251                    ;*****************************************************************************
     252 00000008           FaultISR:
     253                    ;* --------------------------------------------------------------------------*
     254                            .dwcfi  cfa_offset, 0
     255                            .dwpsn  file "../startup_ccs.c",line 205,column 11,is_stmt,isa 1
     256                    ;* --------------------------------------------------------------------------*
     257                    ;*   BEGIN LOOP ||$C$L2||
     258                    ;*
     259                    ;*   Loop source line                : 205
     260                    ;*   Loop closing brace source line  : 207
     261                    ;*   Known Minimum Trip Count        : 1
     262                    ;*   Known Maximum Trip Count        : 4294967295
     263                    ;*   Known Max Trip Count Factor     : 1
     264                    ;* --------------------------------------------------------------------------*
     265 00000008           ||$C$L2||:    
     266 00000008 E7FE              B         ||$C$L2||             ; [DPU_3_PIPE] |205|  ; [ORIG 16-BIT INS]
     267                            ; BRANCH OCCURS {||$C$L2||}      ; [] |205| 
     268                    ;* --------------------------------------------------------------------------*
     269                            .dwattr $C$DW$10, DW_AT_TI_end_file("../startup_ccs.c")
     270                            .dwattr $C$DW$10, DW_AT_TI_end_line(0xd0)
     271                            .dwattr $C$DW$10, DW_AT_TI_end_column(0x01)
     272                            .dwendentry
     273                            .dwendtag $C$DW$10
     274                    
     275 0000000a                   .sect   ".text"
TI ARM Assembler PC v5.1.7 Tue Nov 11 07:32:42 2014

Tools Copyright (c) 1996-2014 Texas Instruments Incorporated
startup_ccs.asm                                                      PAGE    6

     276                            .clink
     277                            .thumbfunc IntDefaultHandler
     278 0000000a                   .thumb
     279                    
     280                    $C$DW$11        .dwtag  DW_TAG_subprogram, DW_AT_name("IntDefaultHandler")
     281                            .dwattr $C$DW$11, DW_AT_low_pc(IntDefaultHandler)
     282                            .dwattr $C$DW$11, DW_AT_high_pc(0x00)
     283                            .dwattr $C$DW$11, DW_AT_TI_symbol_name("IntDefaultHandler")
     284                            .dwattr $C$DW$11, DW_AT_TI_begin_file("../startup_ccs.c")
     285                            .dwattr $C$DW$11, DW_AT_TI_begin_line(0xda)
     286                            .dwattr $C$DW$11, DW_AT_TI_begin_column(0x01)
     287                            .dwattr $C$DW$11, DW_AT_decl_file("../startup_ccs.c")
     288                            .dwattr $C$DW$11, DW_AT_decl_line(0xda)
     289                            .dwattr $C$DW$11, DW_AT_decl_column(0x01)
     290                            .dwattr $C$DW$11, DW_AT_TI_max_frame_size(0x00)
     291                            .dwpsn  file "../startup_ccs.c",line 219,column 1,is_stmt,address IntDefaultHandler,isa 1
     292                    
     293                            .dwfde $C$DW$CIE, IntDefaultHandler
     294                    
     295                    ;*****************************************************************************
     296                    ;* FUNCTION NAME: IntDefaultHandler                                          *
     297                    ;*                                                                           *
     298                    ;*   Regs Modified     :                                                     *
     299                    ;*   Regs Used         : LR                                                  *
     300                    ;*   Local Frame Size  : 0 Args + 0 Auto + 0 Save = 0 byte                   *
     301                    ;*****************************************************************************
     302 0000000a           IntDefaultHandler:
     303                    ;* --------------------------------------------------------------------------*
     304                            .dwcfi  cfa_offset, 0
     305                            .dwpsn  file "../startup_ccs.c",line 223,column 11,is_stmt,isa 1
     306                    ;* --------------------------------------------------------------------------*
     307                    ;*   BEGIN LOOP ||$C$L3||
     308                    ;*
     309                    ;*   Loop source line                : 223
     310                    ;*   Loop closing brace source line  : 225
     311                    ;*   Known Minimum Trip Count        : 1
     312                    ;*   Known Maximum Trip Count        : 4294967295
     313                    ;*   Known Max Trip Count Factor     : 1
     314                    ;* --------------------------------------------------------------------------*
     315 0000000a           ||$C$L3||:    
     316 0000000a E7FE              B         ||$C$L3||             ; [DPU_3_PIPE] |223|  ; [ORIG 16-BIT INS]
     317                            ; BRANCH OCCURS {||$C$L3||}      ; [] |223| 
     318                    ;* --------------------------------------------------------------------------*
     319                            .dwattr $C$DW$11, DW_AT_TI_end_file("../startup_ccs.c")
     320                            .dwattr $C$DW$11, DW_AT_TI_end_line(0xe2)
     321                            .dwattr $C$DW$11, DW_AT_TI_end_column(0x01)
     322                            .dwendentry
     323                            .dwendtag $C$DW$11
     324                    
     325                    ;*****************************************************************************
     326                    ;* UNDEFINED EXTERNAL REFERENCES                                             *
     327                    ;*****************************************************************************
     328                            .global xPortPendSVHandler
     329                            .global vPortSVCHandler
     330                            .global xPortSysTickHandler
TI ARM Assembler PC v5.1.7 Tue Nov 11 07:32:42 2014

Tools Copyright (c) 1996-2014 Texas Instruments Incorporated
startup_ccs.asm                                                      PAGE    7

     331                            .global Timer_0_A_ISR_Handler
     332                    
     333                    ;******************************************************************************
     334                    ;* BUILD ATTRIBUTES                                                           *
     335                    ;******************************************************************************
     336                            .battr "aeabi", Tag_File, 1, Tag_ABI_PCS_wchar_t(2)
     337                            .battr "aeabi", Tag_File, 1, Tag_ABI_FP_rounding(0)
     338                            .battr "aeabi", Tag_File, 1, Tag_ABI_FP_denormal(0)
     339                            .battr "aeabi", Tag_File, 1, Tag_ABI_FP_exceptions(0)
     340                            .battr "aeabi", Tag_File, 1, Tag_ABI_FP_number_model(1)
     341                            .battr "aeabi", Tag_File, 1, Tag_ABI_enum_size(0)
     342                            .battr "aeabi", Tag_File, 1, Tag_ABI_optimization_goals(5)
     343                            .battr "aeabi", Tag_File, 1, Tag_ABI_FP_optimization_goals(0)
     344                            .battr "TI", Tag_File, 1, Tag_Bitfield_layout(2)
     345                            .battr "TI", Tag_File, 1, Tag_FP_interface(1)
     346                    
     347                    ;******************************************************************************
     348                    ;* TYPE INFORMATION                                                           *
     349                    ;******************************************************************************
     350                    $C$DW$T$2       .dwtag  DW_TAG_unspecified_type
     351                            .dwattr $C$DW$T$2, DW_AT_name("void")
     352                    
     353                    $C$DW$T$19      .dwtag  DW_TAG_subroutine_type
     354                            .dwattr $C$DW$T$19, DW_AT_language(DW_LANG_C)
     355                    $C$DW$T$20      .dwtag  DW_TAG_pointer_type
     356                            .dwattr $C$DW$T$20, DW_AT_type(*$C$DW$T$19)
     357                            .dwattr $C$DW$T$20, DW_AT_address_class(0x20)
     358                    $C$DW$T$21      .dwtag  DW_TAG_const_type
     359                            .dwattr $C$DW$T$21, DW_AT_type(*$C$DW$T$20)
     360                    
     361                    $C$DW$T$22      .dwtag  DW_TAG_array_type
     362                            .dwattr $C$DW$T$22, DW_AT_type(*$C$DW$T$21)
     363                            .dwattr $C$DW$T$22, DW_AT_language(DW_LANG_C)
     364                            .dwattr $C$DW$T$22, DW_AT_byte_size(0xf0)
     365                    $C$DW$12        .dwtag  DW_TAG_subrange_type
     366                            .dwattr $C$DW$12, DW_AT_upper_bound(0x3b)
     367                            .dwendtag $C$DW$T$22
     368                    
     369                    $C$DW$T$4       .dwtag  DW_TAG_base_type
     370                            .dwattr $C$DW$T$4, DW_AT_encoding(DW_ATE_boolean)
     371                            .dwattr $C$DW$T$4, DW_AT_name("bool")
     372                            .dwattr $C$DW$T$4, DW_AT_byte_size(0x01)
     373                    $C$DW$T$5       .dwtag  DW_TAG_base_type
     374                            .dwattr $C$DW$T$5, DW_AT_encoding(DW_ATE_signed_char)
     375                            .dwattr $C$DW$T$5, DW_AT_name("signed char")
     376                            .dwattr $C$DW$T$5, DW_AT_byte_size(0x01)
     377                    $C$DW$T$6       .dwtag  DW_TAG_base_type
     378                            .dwattr $C$DW$T$6, DW_AT_encoding(DW_ATE_unsigned_char)
     379                            .dwattr $C$DW$T$6, DW_AT_name("unsigned char")
     380                            .dwattr $C$DW$T$6, DW_AT_byte_size(0x01)
     381                    $C$DW$T$7       .dwtag  DW_TAG_base_type
     382                            .dwattr $C$DW$T$7, DW_AT_encoding(DW_ATE_signed_char)
     383                            .dwattr $C$DW$T$7, DW_AT_name("wchar_t")
     384                            .dwattr $C$DW$T$7, DW_AT_byte_size(0x02)
     385                    $C$DW$T$8       .dwtag  DW_TAG_base_type
TI ARM Assembler PC v5.1.7 Tue Nov 11 07:32:42 2014

Tools Copyright (c) 1996-2014 Texas Instruments Incorporated
startup_ccs.asm                                                      PAGE    8

     386                            .dwattr $C$DW$T$8, DW_AT_encoding(DW_ATE_signed)
     387                            .dwattr $C$DW$T$8, DW_AT_name("short")
     388                            .dwattr $C$DW$T$8, DW_AT_byte_size(0x02)
     389                    $C$DW$T$9       .dwtag  DW_TAG_base_type
     390                            .dwattr $C$DW$T$9, DW_AT_encoding(DW_ATE_unsigned)
     391                            .dwattr $C$DW$T$9, DW_AT_name("unsigned short")
     392                            .dwattr $C$DW$T$9, DW_AT_byte_size(0x02)
     393                    $C$DW$T$10      .dwtag  DW_TAG_base_type
     394                            .dwattr $C$DW$T$10, DW_AT_encoding(DW_ATE_signed)
     395                            .dwattr $C$DW$T$10, DW_AT_name("int")
     396                            .dwattr $C$DW$T$10, DW_AT_byte_size(0x04)
     397                    $C$DW$T$11      .dwtag  DW_TAG_base_type
     398                            .dwattr $C$DW$T$11, DW_AT_encoding(DW_ATE_unsigned)
     399                            .dwattr $C$DW$T$11, DW_AT_name("unsigned int")
     400                            .dwattr $C$DW$T$11, DW_AT_byte_size(0x04)
     401                    $C$DW$T$12      .dwtag  DW_TAG_base_type
     402                            .dwattr $C$DW$T$12, DW_AT_encoding(DW_ATE_signed)
     403                            .dwattr $C$DW$T$12, DW_AT_name("long")
     404                            .dwattr $C$DW$T$12, DW_AT_byte_size(0x04)
     405                    $C$DW$T$13      .dwtag  DW_TAG_base_type
     406                            .dwattr $C$DW$T$13, DW_AT_encoding(DW_ATE_unsigned)
     407                            .dwattr $C$DW$T$13, DW_AT_name("unsigned long")
     408                            .dwattr $C$DW$T$13, DW_AT_byte_size(0x04)
     409                    
     410                    $C$DW$T$23      .dwtag  DW_TAG_array_type
     411                            .dwattr $C$DW$T$23, DW_AT_type(*$C$DW$T$13)
     412                            .dwattr $C$DW$T$23, DW_AT_language(DW_LANG_C)
     413                            .dwattr $C$DW$T$23, DW_AT_byte_size(0x100)
     414                    $C$DW$13        .dwtag  DW_TAG_subrange_type
     415                            .dwattr $C$DW$13, DW_AT_upper_bound(0x3f)
     416                            .dwendtag $C$DW$T$23
     417                    
     418                    $C$DW$T$14      .dwtag  DW_TAG_base_type
     419                            .dwattr $C$DW$T$14, DW_AT_encoding(DW_ATE_signed)
     420                            .dwattr $C$DW$T$14, DW_AT_name("long long")
     421                            .dwattr $C$DW$T$14, DW_AT_byte_size(0x08)
     422                    $C$DW$T$15      .dwtag  DW_TAG_base_type
     423                            .dwattr $C$DW$T$15, DW_AT_encoding(DW_ATE_unsigned)
     424                            .dwattr $C$DW$T$15, DW_AT_name("unsigned long long")
     425                            .dwattr $C$DW$T$15, DW_AT_byte_size(0x08)
     426                    $C$DW$T$16      .dwtag  DW_TAG_base_type
     427                            .dwattr $C$DW$T$16, DW_AT_encoding(DW_ATE_float)
     428                            .dwattr $C$DW$T$16, DW_AT_name("float")
     429                            .dwattr $C$DW$T$16, DW_AT_byte_size(0x04)
     430                    $C$DW$T$17      .dwtag  DW_TAG_base_type
     431                            .dwattr $C$DW$T$17, DW_AT_encoding(DW_ATE_float)
     432                            .dwattr $C$DW$T$17, DW_AT_name("double")
     433                            .dwattr $C$DW$T$17, DW_AT_byte_size(0x08)
     434                    $C$DW$T$18      .dwtag  DW_TAG_base_type
     435                            .dwattr $C$DW$T$18, DW_AT_encoding(DW_ATE_float)
     436                            .dwattr $C$DW$T$18, DW_AT_name("long double")
     437                            .dwattr $C$DW$T$18, DW_AT_byte_size(0x08)
     438                            .dwattr $C$DW$CU, DW_AT_language(DW_LANG_C)
     439                    
     440                    ;***************************************************************
TI ARM Assembler PC v5.1.7 Tue Nov 11 07:32:42 2014

Tools Copyright (c) 1996-2014 Texas Instruments Incorporated
startup_ccs.asm                                                      PAGE    9

     441                    ;* DWARF CIE ENTRIES                                           *
     442                    ;***************************************************************
     443                    
     444                    $C$DW$CIE       .dwcie 14
     445                            .dwcfi  cfa_register, 13
     446                            .dwcfi  cfa_offset, 0
     447                            .dwcfi  undefined, 0
     448                            .dwcfi  undefined, 1
     449                            .dwcfi  undefined, 2
     450                            .dwcfi  undefined, 3
     451                            .dwcfi  same_value, 4
     452                            .dwcfi  same_value, 5
     453                            .dwcfi  same_value, 6
     454                            .dwcfi  same_value, 7
     455                            .dwcfi  same_value, 8
     456                            .dwcfi  same_value, 9
     457                            .dwcfi  same_value, 10
     458                            .dwcfi  same_value, 11
     459                            .dwcfi  undefined, 12
     460                            .dwcfi  undefined, 13
     461                            .dwcfi  undefined, 14
     462                            .dwcfi  undefined, 14
     463                            .dwcfi  undefined, 7
     464                            .dwendentry
     465                            .dwendtag $C$DW$CU
     466                    

--------------------------
Thumb2 Statistics
--------------------------
Number of Thumb2 ins converted to Thumb = 0 (0%)
Number of Thumb ins in input = 4 (80%)
Number of Thumb2 ins encoded as Thumb2 = 1 (100%)
Number of Thumb2 ins converted to 2 OPND Thumb = 0


No Assembly Errors, No Assembly Warnings
