TI ARM Assembler PC v5.1.7 Tue Nov 18 08:17:37 2014

Tools Copyright (c) 1996-2014 Texas Instruments Incorporated
list.asm                                                             PAGE    1

       1                    ;******************************************************************************
       2                    ;* TI ARM C/C++ Codegen                                             PC v5.1.7 *
       3                    ;* Date/Time created: Tue Nov 18 08:17:37 2014                                *
       4                    ;******************************************************************************
       5                            .compiler_opts --abi=eabi --arm_vmrs_si_workaround=off --code_state=16 --disable_dual_state --
       6 00000000                   .thumb
       7                    
       8                    $C$DW$CU        .dwtag  DW_TAG_compile_unit
       9                            .dwattr $C$DW$CU, DW_AT_name("../Source/list.c")
      10                            .dwattr $C$DW$CU, DW_AT_producer("TI TI ARM C/C++ Codegen PC v5.1.7 Copyright (c) 1996-2014 Te
      11                            .dwattr $C$DW$CU, DW_AT_TI_version(0x01)
      12                            .dwattr $C$DW$CU, DW_AT_comp_dir("H:\EECS_388\TI_ARM_Projects\FreeRTOS_ADC_Lab7\Debug")
      13                    ;       C:\TI_CodeComposer\ccsv6\tools\compiler\arm_5.1.7\bin\armacpia.exe -@C:\\Users\\cratnapa\\AppD
      14 00000000                   .sect   ".text"
      15                            .clink
      16                            .thumbfunc vListInitialise
      17 00000000                   .thumb
      18                            .global vListInitialise
      19                    
      20                    $C$DW$1 .dwtag  DW_TAG_subprogram, DW_AT_name("vListInitialise")
      21                            .dwattr $C$DW$1, DW_AT_low_pc(vListInitialise)
      22                            .dwattr $C$DW$1, DW_AT_high_pc(0x00)
      23                            .dwattr $C$DW$1, DW_AT_TI_symbol_name("vListInitialise")
      24                            .dwattr $C$DW$1, DW_AT_external
      25                            .dwattr $C$DW$1, DW_AT_TI_begin_file("../Source/list.c")
      26                            .dwattr $C$DW$1, DW_AT_TI_begin_line(0x54)
      27                            .dwattr $C$DW$1, DW_AT_TI_begin_column(0x06)
      28                            .dwattr $C$DW$1, DW_AT_decl_file("../Source/list.c")
      29                            .dwattr $C$DW$1, DW_AT_decl_line(0x54)
      30                            .dwattr $C$DW$1, DW_AT_decl_column(0x06)
      31                            .dwattr $C$DW$1, DW_AT_TI_max_frame_size(0x08)
      32                            .dwpsn  file "../Source/list.c",line 85,column 1,is_stmt,address vListInitialise,isa 1
      33                    
      34                            .dwfde $C$DW$CIE, vListInitialise
      35                    $C$DW$2 .dwtag  DW_TAG_formal_parameter, DW_AT_name("pxList")
      36                            .dwattr $C$DW$2, DW_AT_TI_symbol_name("pxList")
      37                            .dwattr $C$DW$2, DW_AT_type(*$C$DW$T$38)
      38                            .dwattr $C$DW$2, DW_AT_location[DW_OP_reg0]
      39                    
      40                    ;*****************************************************************************
      41                    ;* FUNCTION NAME: vListInitialise                                            *
      42                    ;*                                                                           *
      43                    ;*   Regs Modified     : A1,A2,SP,SR                                         *
      44                    ;*   Regs Used         : A1,A2,SP,LR,SR                                      *
      45                    ;*   Local Frame Size  : 0 Args + 4 Auto + 0 Save = 4 byte                   *
      46                    ;*****************************************************************************
      47 00000000           vListInitialise:
      48                    ;* --------------------------------------------------------------------------*
      49                            .dwcfi  cfa_offset, 0
      50 00000000 0D08F1AD          SUB       SP, SP, #8            ; [DPU_3_PIPE]  ; [KEEP 32-BIT INS]
      51                            .dwcfi  cfa_offset, 8
      52                    $C$DW$3 .dwtag  DW_TAG_variable, DW_AT_name("pxList")
      53                            .dwattr $C$DW$3, DW_AT_TI_symbol_name("pxList")
      54                            .dwattr $C$DW$3, DW_AT_type(*$C$DW$T$38)
      55                            .dwattr $C$DW$3, DW_AT_location[DW_OP_breg13 0]
TI ARM Assembler PC v5.1.7 Tue Nov 18 08:17:37 2014

Tools Copyright (c) 1996-2014 Texas Instruments Incorporated
list.asm                                                             PAGE    2

      56 00000004 9000              STR       A1, [SP, #0]          ; [DPU_3_PIPE] |85|  ; [ORIG 16-BIT INS]
      57                            .dwpsn  file "../Source/list.c",line 89,column 2,is_stmt,isa 1
      58 00000006 9800              LDR       A1, [SP, #0]          ; [DPU_3_PIPE] |89|  ; [ORIG 16-BIT INS]
      59 00000008 9900              LDR       A2, [SP, #0]          ; [DPU_3_PIPE] |89|  ; [ORIG 16-BIT INS]
      60 0000000a 3008              ADDS      A1, A1, #8            ; [DPU_3_PIPE] |89|  ; [ORIG 16-BIT INS]
      61 0000000c 6048              STR       A1, [A2, #4]          ; [DPU_3_PIPE] |89|  ; [ORIG 16-BIT INS]
      62                            .dwpsn  file "../Source/list.c",line 93,column 2,is_stmt,isa 1
      63 0000000e 9800              LDR       A1, [SP, #0]          ; [DPU_3_PIPE] |93|  ; [ORIG 16-BIT INS]
      64 00000010 31FFF04F          MOV       A2, #-1               ; [DPU_3_PIPE] |93|  ; [KEEP 32-BIT INS]
      65 00000014 6081              STR       A2, [A1, #8]          ; [DPU_3_PIPE] |93|  ; [ORIG 16-BIT INS]
      66                            .dwpsn  file "../Source/list.c",line 97,column 2,is_stmt,isa 1
      67 00000016 9800              LDR       A1, [SP, #0]          ; [DPU_3_PIPE] |97|  ; [ORIG 16-BIT INS]
      68 00000018 9900              LDR       A2, [SP, #0]          ; [DPU_3_PIPE] |97|  ; [ORIG 16-BIT INS]
      69 0000001a 3008              ADDS      A1, A1, #8            ; [DPU_3_PIPE] |97|  ; [ORIG 16-BIT INS]
      70 0000001c 60C8              STR       A1, [A2, #12]         ; [DPU_3_PIPE] |97|  ; [ORIG 16-BIT INS]
      71                            .dwpsn  file "../Source/list.c",line 98,column 2,is_stmt,isa 1
      72 0000001e 9800              LDR       A1, [SP, #0]          ; [DPU_3_PIPE] |98|  ; [ORIG 16-BIT INS]
      73 00000020 9900              LDR       A2, [SP, #0]          ; [DPU_3_PIPE] |98|  ; [ORIG 16-BIT INS]
      74 00000022 3008              ADDS      A1, A1, #8            ; [DPU_3_PIPE] |98|  ; [ORIG 16-BIT INS]
      75 00000024 6108              STR       A1, [A2, #16]         ; [DPU_3_PIPE] |98|  ; [ORIG 16-BIT INS]
      76                            .dwpsn  file "../Source/list.c",line 100,column 2,is_stmt,isa 1
      77 00000026 9800              LDR       A1, [SP, #0]          ; [DPU_3_PIPE] |100|  ; [ORIG 16-BIT INS]
      78 00000028 2100              MOVS      A2, #0                ; [DPU_3_PIPE] |100|  ; [ORIG 16-BIT INS]
      79 0000002a 6001              STR       A2, [A1, #0]          ; [DPU_3_PIPE] |100|  ; [ORIG 16-BIT INS]
      80                            .dwpsn  file "../Source/list.c",line 101,column 1,is_stmt,isa 1
      81 0000002c B002              ADD       SP, SP, #8            ; [DPU_3_PIPE]  ; [ORIG 16-BIT INS]
      82                            .dwcfi  cfa_offset, 0
      83                    $C$DW$4 .dwtag  DW_TAG_TI_branch
      84                            .dwattr $C$DW$4, DW_AT_low_pc(0x00)
      85                            .dwattr $C$DW$4, DW_AT_TI_return
      86 0000002e 4770              BX        LR                    ; [DPU_3_PIPE]  ; [ORIG 16-BIT INS]
      87                            ; BRANCH OCCURS                  ; [] 
      88                            .dwattr $C$DW$1, DW_AT_TI_end_file("../Source/list.c")
      89                            .dwattr $C$DW$1, DW_AT_TI_end_line(0x65)
      90                            .dwattr $C$DW$1, DW_AT_TI_end_column(0x01)
      91                            .dwendentry
      92                            .dwendtag $C$DW$1
      93                    
      94 00000030                   .sect   ".text"
      95                            .clink
      96                            .thumbfunc vListInitialiseItem
      97 00000030                   .thumb
      98                            .global vListInitialiseItem
      99                    
     100                    $C$DW$5 .dwtag  DW_TAG_subprogram, DW_AT_name("vListInitialiseItem")
     101                            .dwattr $C$DW$5, DW_AT_low_pc(vListInitialiseItem)
     102                            .dwattr $C$DW$5, DW_AT_high_pc(0x00)
     103                            .dwattr $C$DW$5, DW_AT_TI_symbol_name("vListInitialiseItem")
     104                            .dwattr $C$DW$5, DW_AT_external
     105                            .dwattr $C$DW$5, DW_AT_TI_begin_file("../Source/list.c")
     106                            .dwattr $C$DW$5, DW_AT_TI_begin_line(0x68)
     107                            .dwattr $C$DW$5, DW_AT_TI_begin_column(0x06)
     108                            .dwattr $C$DW$5, DW_AT_decl_file("../Source/list.c")
     109                            .dwattr $C$DW$5, DW_AT_decl_line(0x68)
     110                            .dwattr $C$DW$5, DW_AT_decl_column(0x06)
TI ARM Assembler PC v5.1.7 Tue Nov 18 08:17:37 2014

Tools Copyright (c) 1996-2014 Texas Instruments Incorporated
list.asm                                                             PAGE    3

     111                            .dwattr $C$DW$5, DW_AT_TI_max_frame_size(0x08)
     112                            .dwpsn  file "../Source/list.c",line 105,column 1,is_stmt,address vListInitialiseItem,isa 1
     113                    
     114                            .dwfde $C$DW$CIE, vListInitialiseItem
     115                    $C$DW$6 .dwtag  DW_TAG_formal_parameter, DW_AT_name("pxItem")
     116                            .dwattr $C$DW$6, DW_AT_TI_symbol_name("pxItem")
     117                            .dwattr $C$DW$6, DW_AT_type(*$C$DW$T$40)
     118                            .dwattr $C$DW$6, DW_AT_location[DW_OP_reg0]
     119                    
     120                    ;*****************************************************************************
     121                    ;* FUNCTION NAME: vListInitialiseItem                                        *
     122                    ;*                                                                           *
     123                    ;*   Regs Modified     : A1,A2,SP,SR                                         *
     124                    ;*   Regs Used         : A1,A2,SP,LR,SR                                      *
     125                    ;*   Local Frame Size  : 0 Args + 4 Auto + 0 Save = 4 byte                   *
     126                    ;*****************************************************************************
     127 00000030           vListInitialiseItem:
     128                    ;* --------------------------------------------------------------------------*
     129                            .dwcfi  cfa_offset, 0
     130 00000030 0D08F1AD          SUB       SP, SP, #8            ; [DPU_3_PIPE]  ; [KEEP 32-BIT INS]
     131                            .dwcfi  cfa_offset, 8
     132                    $C$DW$7 .dwtag  DW_TAG_variable, DW_AT_name("pxItem")
     133                            .dwattr $C$DW$7, DW_AT_TI_symbol_name("pxItem")
     134                            .dwattr $C$DW$7, DW_AT_type(*$C$DW$T$40)
     135                            .dwattr $C$DW$7, DW_AT_location[DW_OP_breg13 0]
     136 00000034 9000              STR       A1, [SP, #0]          ; [DPU_3_PIPE] |105|  ; [ORIG 16-BIT INS]
     137                            .dwpsn  file "../Source/list.c",line 107,column 2,is_stmt,isa 1
     138 00000036 9800              LDR       A1, [SP, #0]          ; [DPU_3_PIPE] |107|  ; [ORIG 16-BIT INS]
     139 00000038 2100              MOVS      A2, #0                ; [DPU_3_PIPE] |107|  ; [ORIG 16-BIT INS]
     140 0000003a 6101              STR       A2, [A1, #16]         ; [DPU_3_PIPE] |107|  ; [ORIG 16-BIT INS]
     141                            .dwpsn  file "../Source/list.c",line 108,column 1,is_stmt,isa 1
     142 0000003c B002              ADD       SP, SP, #8            ; [DPU_3_PIPE]  ; [ORIG 16-BIT INS]
     143                            .dwcfi  cfa_offset, 0
     144                    $C$DW$8 .dwtag  DW_TAG_TI_branch
     145                            .dwattr $C$DW$8, DW_AT_low_pc(0x00)
     146                            .dwattr $C$DW$8, DW_AT_TI_return
     147 0000003e 4770              BX        LR                    ; [DPU_3_PIPE]  ; [ORIG 16-BIT INS]
     148                            ; BRANCH OCCURS                  ; [] 
     149                            .dwattr $C$DW$5, DW_AT_TI_end_file("../Source/list.c")
     150                            .dwattr $C$DW$5, DW_AT_TI_end_line(0x6c)
     151                            .dwattr $C$DW$5, DW_AT_TI_end_column(0x01)
     152                            .dwendentry
     153                            .dwendtag $C$DW$5
     154                    
     155 00000040                   .sect   ".text"
     156                            .clink
     157                            .thumbfunc vListInsertEnd
     158 00000040                   .thumb
     159                            .global vListInsertEnd
     160                    
     161                    $C$DW$9 .dwtag  DW_TAG_subprogram, DW_AT_name("vListInsertEnd")
     162                            .dwattr $C$DW$9, DW_AT_low_pc(vListInsertEnd)
     163                            .dwattr $C$DW$9, DW_AT_high_pc(0x00)
     164                            .dwattr $C$DW$9, DW_AT_TI_symbol_name("vListInsertEnd")
     165                            .dwattr $C$DW$9, DW_AT_external
TI ARM Assembler PC v5.1.7 Tue Nov 18 08:17:37 2014

Tools Copyright (c) 1996-2014 Texas Instruments Incorporated
list.asm                                                             PAGE    4

     166                            .dwattr $C$DW$9, DW_AT_TI_begin_file("../Source/list.c")
     167                            .dwattr $C$DW$9, DW_AT_TI_begin_line(0x6f)
     168                            .dwattr $C$DW$9, DW_AT_TI_begin_column(0x06)
     169                            .dwattr $C$DW$9, DW_AT_decl_file("../Source/list.c")
     170                            .dwattr $C$DW$9, DW_AT_decl_line(0x6f)
     171                            .dwattr $C$DW$9, DW_AT_decl_column(0x06)
     172                            .dwattr $C$DW$9, DW_AT_TI_max_frame_size(0x10)
     173                            .dwpsn  file "../Source/list.c",line 112,column 1,is_stmt,address vListInsertEnd,isa 1
     174                    
     175                            .dwfde $C$DW$CIE, vListInsertEnd
     176                    $C$DW$10        .dwtag  DW_TAG_formal_parameter, DW_AT_name("pxList")
     177                            .dwattr $C$DW$10, DW_AT_TI_symbol_name("pxList")
     178                            .dwattr $C$DW$10, DW_AT_type(*$C$DW$T$38)
     179                            .dwattr $C$DW$10, DW_AT_location[DW_OP_reg0]
     180                    $C$DW$11        .dwtag  DW_TAG_formal_parameter, DW_AT_name("pxNewListItem")
     181                            .dwattr $C$DW$11, DW_AT_TI_symbol_name("pxNewListItem")
     182                            .dwattr $C$DW$11, DW_AT_type(*$C$DW$T$40)
     183                            .dwattr $C$DW$11, DW_AT_location[DW_OP_reg1]
     184                    
     185                    ;*****************************************************************************
     186                    ;* FUNCTION NAME: vListInsertEnd                                             *
     187                    ;*                                                                           *
     188                    ;*   Regs Modified     : A1,A2,SP,SR                                         *
     189                    ;*   Regs Used         : A1,A2,SP,LR,SR                                      *
     190                    ;*   Local Frame Size  : 0 Args + 12 Auto + 0 Save = 12 byte                 *
     191                    ;*****************************************************************************
     192 00000040           vListInsertEnd:
     193                    ;* --------------------------------------------------------------------------*
     194                            .dwcfi  cfa_offset, 0
     195 00000040 0D10F1AD          SUB       SP, SP, #16           ; [DPU_3_PIPE]  ; [KEEP 32-BIT INS]
     196                            .dwcfi  cfa_offset, 16
     197                    $C$DW$12        .dwtag  DW_TAG_variable, DW_AT_name("pxList")
     198                            .dwattr $C$DW$12, DW_AT_TI_symbol_name("pxList")
     199                            .dwattr $C$DW$12, DW_AT_type(*$C$DW$T$38)
     200                            .dwattr $C$DW$12, DW_AT_location[DW_OP_breg13 0]
     201                    $C$DW$13        .dwtag  DW_TAG_variable, DW_AT_name("pxNewListItem")
     202                            .dwattr $C$DW$13, DW_AT_TI_symbol_name("pxNewListItem")
     203                            .dwattr $C$DW$13, DW_AT_type(*$C$DW$T$40)
     204                            .dwattr $C$DW$13, DW_AT_location[DW_OP_breg13 4]
     205                    $C$DW$14        .dwtag  DW_TAG_variable, DW_AT_name("pxIndex")
     206                            .dwattr $C$DW$14, DW_AT_TI_symbol_name("pxIndex")
     207                            .dwattr $C$DW$14, DW_AT_type(*$C$DW$T$25)
     208                            .dwattr $C$DW$14, DW_AT_location[DW_OP_breg13 8]
     209 00000044 9101              STR       A2, [SP, #4]          ; [DPU_3_PIPE] |112|  ; [ORIG 16-BIT INS]
     210 00000046 9000              STR       A1, [SP, #0]          ; [DPU_3_PIPE] |112|  ; [ORIG 16-BIT INS]
     211                            .dwpsn  file "../Source/list.c",line 119,column 2,is_stmt,isa 1
     212 00000048 9800              LDR       A1, [SP, #0]          ; [DPU_3_PIPE] |119|  ; [ORIG 16-BIT INS]
     213 0000004a 6840              LDR       A1, [A1, #4]          ; [DPU_3_PIPE] |119|  ; [ORIG 16-BIT INS]
     214 0000004c 9002              STR       A1, [SP, #8]          ; [DPU_3_PIPE] |119|  ; [ORIG 16-BIT INS]
     215                            .dwpsn  file "../Source/list.c",line 121,column 2,is_stmt,isa 1
     216 0000004e 9802              LDR       A1, [SP, #8]          ; [DPU_3_PIPE] |121|  ; [ORIG 16-BIT INS]
     217 00000050 9901              LDR       A2, [SP, #4]          ; [DPU_3_PIPE] |121|  ; [ORIG 16-BIT INS]
     218 00000052 6840              LDR       A1, [A1, #4]          ; [DPU_3_PIPE] |121|  ; [ORIG 16-BIT INS]
     219 00000054 6048              STR       A1, [A2, #4]          ; [DPU_3_PIPE] |121|  ; [ORIG 16-BIT INS]
     220                            .dwpsn  file "../Source/list.c",line 122,column 2,is_stmt,isa 1
TI ARM Assembler PC v5.1.7 Tue Nov 18 08:17:37 2014

Tools Copyright (c) 1996-2014 Texas Instruments Incorporated
list.asm                                                             PAGE    5

     221 00000056 9800              LDR       A1, [SP, #0]          ; [DPU_3_PIPE] |122|  ; [ORIG 16-BIT INS]
     222 00000058 9901              LDR       A2, [SP, #4]          ; [DPU_3_PIPE] |122|  ; [ORIG 16-BIT INS]
     223 0000005a 6840              LDR       A1, [A1, #4]          ; [DPU_3_PIPE] |122|  ; [ORIG 16-BIT INS]
     224 0000005c 6088              STR       A1, [A2, #8]          ; [DPU_3_PIPE] |122|  ; [ORIG 16-BIT INS]
     225                            .dwpsn  file "../Source/list.c",line 123,column 2,is_stmt,isa 1
     226 0000005e 9902              LDR       A2, [SP, #8]          ; [DPU_3_PIPE] |123|  ; [ORIG 16-BIT INS]
     227 00000060 9801              LDR       A1, [SP, #4]          ; [DPU_3_PIPE] |123|  ; [ORIG 16-BIT INS]
     228 00000062 6849              LDR       A2, [A2, #4]          ; [DPU_3_PIPE] |123|  ; [ORIG 16-BIT INS]
     229 00000064 6088              STR       A1, [A2, #8]          ; [DPU_3_PIPE] |123|  ; [ORIG 16-BIT INS]
     230                            .dwpsn  file "../Source/list.c",line 124,column 2,is_stmt,isa 1
     231 00000066 9801              LDR       A1, [SP, #4]          ; [DPU_3_PIPE] |124|  ; [ORIG 16-BIT INS]
     232 00000068 9902              LDR       A2, [SP, #8]          ; [DPU_3_PIPE] |124|  ; [ORIG 16-BIT INS]
     233 0000006a 6048              STR       A1, [A2, #4]          ; [DPU_3_PIPE] |124|  ; [ORIG 16-BIT INS]
     234                            .dwpsn  file "../Source/list.c",line 125,column 2,is_stmt,isa 1
     235 0000006c 9801              LDR       A1, [SP, #4]          ; [DPU_3_PIPE] |125|  ; [ORIG 16-BIT INS]
     236 0000006e 9900              LDR       A2, [SP, #0]          ; [DPU_3_PIPE] |125|  ; [ORIG 16-BIT INS]
     237 00000070 6048              STR       A1, [A2, #4]          ; [DPU_3_PIPE] |125|  ; [ORIG 16-BIT INS]
     238                            .dwpsn  file "../Source/list.c",line 128,column 2,is_stmt,isa 1
     239 00000072 9800              LDR       A1, [SP, #0]          ; [DPU_3_PIPE] |128|  ; [ORIG 16-BIT INS]
     240 00000074 9901              LDR       A2, [SP, #4]          ; [DPU_3_PIPE] |128|  ; [ORIG 16-BIT INS]
     241 00000076 6108              STR       A1, [A2, #16]         ; [DPU_3_PIPE] |128|  ; [ORIG 16-BIT INS]
     242                            .dwpsn  file "../Source/list.c",line 130,column 2,is_stmt,isa 1
     243 00000078 9900              LDR       A2, [SP, #0]          ; [DPU_3_PIPE] |130|  ; [ORIG 16-BIT INS]
     244 0000007a 6808              LDR       A1, [A2, #0]          ; [DPU_3_PIPE] |130|  ; [ORIG 16-BIT INS]
     245 0000007c 1C40              ADDS      A1, A1, #1            ; [DPU_3_PIPE] |130|  ; [ORIG 16-BIT INS]
     246 0000007e 6008              STR       A1, [A2, #0]          ; [DPU_3_PIPE] |130|  ; [ORIG 16-BIT INS]
     247                            .dwpsn  file "../Source/list.c",line 131,column 1,is_stmt,isa 1
     248 00000080 B004              ADD       SP, SP, #16           ; [DPU_3_PIPE]  ; [ORIG 16-BIT INS]
     249                            .dwcfi  cfa_offset, 0
     250                    $C$DW$15        .dwtag  DW_TAG_TI_branch
     251                            .dwattr $C$DW$15, DW_AT_low_pc(0x00)
     252                            .dwattr $C$DW$15, DW_AT_TI_return
     253 00000082 4770              BX        LR                    ; [DPU_3_PIPE]  ; [ORIG 16-BIT INS]
     254                            ; BRANCH OCCURS                  ; [] 
     255                            .dwattr $C$DW$9, DW_AT_TI_end_file("../Source/list.c")
     256                            .dwattr $C$DW$9, DW_AT_TI_end_line(0x83)
     257                            .dwattr $C$DW$9, DW_AT_TI_end_column(0x01)
     258                            .dwendentry
     259                            .dwendtag $C$DW$9
     260                    
     261 00000084                   .sect   ".text"
     262                            .clink
     263                            .thumbfunc vListInsert
     264 00000084                   .thumb
     265                            .global vListInsert
     266                    
     267                    $C$DW$16        .dwtag  DW_TAG_subprogram, DW_AT_name("vListInsert")
     268                            .dwattr $C$DW$16, DW_AT_low_pc(vListInsert)
     269                            .dwattr $C$DW$16, DW_AT_high_pc(0x00)
     270                            .dwattr $C$DW$16, DW_AT_TI_symbol_name("vListInsert")
     271                            .dwattr $C$DW$16, DW_AT_external
     272                            .dwattr $C$DW$16, DW_AT_TI_begin_file("../Source/list.c")
     273                            .dwattr $C$DW$16, DW_AT_TI_begin_line(0x86)
     274                            .dwattr $C$DW$16, DW_AT_TI_begin_column(0x06)
     275                            .dwattr $C$DW$16, DW_AT_decl_file("../Source/list.c")
TI ARM Assembler PC v5.1.7 Tue Nov 18 08:17:37 2014

Tools Copyright (c) 1996-2014 Texas Instruments Incorporated
list.asm                                                             PAGE    6

     276                            .dwattr $C$DW$16, DW_AT_decl_line(0x86)
     277                            .dwattr $C$DW$16, DW_AT_decl_column(0x06)
     278                            .dwattr $C$DW$16, DW_AT_TI_max_frame_size(0x10)
     279                            .dwpsn  file "../Source/list.c",line 135,column 1,is_stmt,address vListInsert,isa 1
     280                    
     281                            .dwfde $C$DW$CIE, vListInsert
     282                    $C$DW$17        .dwtag  DW_TAG_formal_parameter, DW_AT_name("pxList")
     283                            .dwattr $C$DW$17, DW_AT_TI_symbol_name("pxList")
     284                            .dwattr $C$DW$17, DW_AT_type(*$C$DW$T$38)
     285                            .dwattr $C$DW$17, DW_AT_location[DW_OP_reg0]
     286                    $C$DW$18        .dwtag  DW_TAG_formal_parameter, DW_AT_name("pxNewListItem")
     287                            .dwattr $C$DW$18, DW_AT_TI_symbol_name("pxNewListItem")
     288                            .dwattr $C$DW$18, DW_AT_type(*$C$DW$T$40)
     289                            .dwattr $C$DW$18, DW_AT_location[DW_OP_reg1]
     290                    
     291                    ;*****************************************************************************
     292                    ;* FUNCTION NAME: vListInsert                                                *
     293                    ;*                                                                           *
     294                    ;*   Regs Modified     : A1,A2,SP,SR                                         *
     295                    ;*   Regs Used         : A1,A2,SP,LR,SR                                      *
     296                    ;*   Local Frame Size  : 0 Args + 16 Auto + 0 Save = 16 byte                 *
     297                    ;*****************************************************************************
     298 00000084           vListInsert:
     299                    ;* --------------------------------------------------------------------------*
     300                            .dwcfi  cfa_offset, 0
     301 00000084 0D10F1AD          SUB       SP, SP, #16           ; [DPU_3_PIPE]  ; [KEEP 32-BIT INS]
     302                            .dwcfi  cfa_offset, 16
     303                    $C$DW$19        .dwtag  DW_TAG_variable, DW_AT_name("pxList")
     304                            .dwattr $C$DW$19, DW_AT_TI_symbol_name("pxList")
     305                            .dwattr $C$DW$19, DW_AT_type(*$C$DW$T$38)
     306                            .dwattr $C$DW$19, DW_AT_location[DW_OP_breg13 0]
     307                    $C$DW$20        .dwtag  DW_TAG_variable, DW_AT_name("pxNewListItem")
     308                            .dwattr $C$DW$20, DW_AT_TI_symbol_name("pxNewListItem")
     309                            .dwattr $C$DW$20, DW_AT_type(*$C$DW$T$40)
     310                            .dwattr $C$DW$20, DW_AT_location[DW_OP_breg13 4]
     311                    $C$DW$21        .dwtag  DW_TAG_variable, DW_AT_name("pxIterator")
     312                            .dwattr $C$DW$21, DW_AT_TI_symbol_name("pxIterator")
     313                            .dwattr $C$DW$21, DW_AT_type(*$C$DW$T$25)
     314                            .dwattr $C$DW$21, DW_AT_location[DW_OP_breg13 8]
     315                    $C$DW$22        .dwtag  DW_TAG_variable, DW_AT_name("xValueOfInsertion")
     316                            .dwattr $C$DW$22, DW_AT_TI_symbol_name("xValueOfInsertion")
     317                            .dwattr $C$DW$22, DW_AT_type(*$C$DW$T$29)
     318                            .dwattr $C$DW$22, DW_AT_location[DW_OP_breg13 12]
     319 00000088 9101              STR       A2, [SP, #4]          ; [DPU_3_PIPE] |135|  ; [ORIG 16-BIT INS]
     320 0000008a 9000              STR       A1, [SP, #0]          ; [DPU_3_PIPE] |135|  ; [ORIG 16-BIT INS]
     321                            .dwpsn  file "../Source/list.c",line 140,column 2,is_stmt,isa 1
     322 0000008c 9801              LDR       A1, [SP, #4]          ; [DPU_3_PIPE] |140|  ; [ORIG 16-BIT INS]
     323 0000008e 6800              LDR       A1, [A1, #0]          ; [DPU_3_PIPE] |140|  ; [ORIG 16-BIT INS]
     324 00000090 9003              STR       A1, [SP, #12]         ; [DPU_3_PIPE] |140|  ; [ORIG 16-BIT INS]
     325                            .dwpsn  file "../Source/list.c",line 149,column 2,is_stmt,isa 1
     326 00000092 9803              LDR       A1, [SP, #12]         ; [DPU_3_PIPE] |149|  ; [ORIG 16-BIT INS]
     327 00000094 3FFFF1B0          CMP       A1, #-1               ; [DPU_3_PIPE] |149|  ; [KEEP 32-BIT INS]
     328 00000098 D103              BNE       ||$C$L1||             ; [DPU_3_PIPE] |149|  ; [ORIG 16-BIT INS]
     329                            ; BRANCHCC OCCURS {||$C$L1||}    ; [] |149| 
     330                    ;* --------------------------------------------------------------------------*
TI ARM Assembler PC v5.1.7 Tue Nov 18 08:17:37 2014

Tools Copyright (c) 1996-2014 Texas Instruments Incorporated
list.asm                                                             PAGE    7

     331                            .dwpsn  file "../Source/list.c",line 151,column 3,is_stmt,isa 1
     332 0000009a 9800              LDR       A1, [SP, #0]          ; [DPU_3_PIPE] |151|  ; [ORIG 16-BIT INS]
     333 0000009c 6900              LDR       A1, [A1, #16]         ; [DPU_3_PIPE] |151|  ; [ORIG 16-BIT INS]
     334 0000009e 9002              STR       A1, [SP, #8]          ; [DPU_3_PIPE] |151|  ; [ORIG 16-BIT INS]
     335                            .dwpsn  file "../Source/list.c",line 152,column 2,is_stmt,isa 1
     336 000000a0 E00C              B         ||$C$L4||             ; [DPU_3_PIPE] |152|  ; [ORIG 16-BIT INS]
     337                            ; BRANCH OCCURS {||$C$L4||}      ; [] |152| 
     338                    ;* --------------------------------------------------------------------------*
     339 000000a2           ||$C$L1||:    
     340                            .dwpsn  file "../Source/list.c",line 171,column 8,is_stmt,isa 1
     341 000000a2 9800              LDR       A1, [SP, #0]          ; [DPU_3_PIPE] |171|  ; [ORIG 16-BIT INS]
     342 000000a4 3008              ADDS      A1, A1, #8            ; [DPU_3_PIPE] |171|  ; [ORIG 16-BIT INS]
     343 000000a6 9002              STR       A1, [SP, #8]          ; [DPU_3_PIPE] |171|  ; [ORIG 16-BIT INS]
     344 000000a8 E002              B         ||$C$L3||             ; [DPU_3_PIPE] |171|  ; [ORIG 16-BIT INS]
     345                            ; BRANCH OCCURS {||$C$L3||}      ; [] |171| 
     346                    ;* --------------------------------------------------------------------------*
     347 000000aa           ||$C$L2||:    
     348                            .dwpsn  file "../Source/list.c",line 171,column 113,is_stmt,isa 1
     349 000000aa 9802              LDR       A1, [SP, #8]          ; [DPU_3_PIPE] |171|  ; [ORIG 16-BIT INS]
     350 000000ac 6840              LDR       A1, [A1, #4]          ; [DPU_3_PIPE] |171|  ; [ORIG 16-BIT INS]
     351 000000ae 9002              STR       A1, [SP, #8]          ; [DPU_3_PIPE] |171|  ; [ORIG 16-BIT INS]
     352                    ;* --------------------------------------------------------------------------*
     353                    ;*   BEGIN LOOP ||$C$L3||
     354                    ;* --------------------------------------------------------------------------*
     355 000000b0           ||$C$L3||:    
     356                            .dwpsn  file "../Source/list.c",line 171,column 60,is_stmt,isa 1
     357 000000b0 9802              LDR       A1, [SP, #8]          ; [DPU_3_PIPE] |171|  ; [ORIG 16-BIT INS]
     358 000000b2 6841              LDR       A2, [A1, #4]          ; [DPU_3_PIPE] |171|  ; [ORIG 16-BIT INS]
     359 000000b4 9803              LDR       A1, [SP, #12]         ; [DPU_3_PIPE] |171|  ; [ORIG 16-BIT INS]
     360 000000b6 6809              LDR       A2, [A2, #0]          ; [DPU_3_PIPE] |171|  ; [ORIG 16-BIT INS]
     361 000000b8 4288              CMP       A1, A2                ; [DPU_3_PIPE] |171|  ; [ORIG 16-BIT INS]
     362 000000ba D2F6              BCS       ||$C$L2||             ; [DPU_3_PIPE] |171|  ; [ORIG 16-BIT INS]
     363                            ; BRANCHCC OCCURS {||$C$L2||}    ; [] |171| 
     364                    ;* --------------------------------------------------------------------------*
     365 000000bc           ||$C$L4||:    
     366                            .dwpsn  file "../Source/list.c",line 178,column 2,is_stmt,isa 1
     367 000000bc 9802              LDR       A1, [SP, #8]          ; [DPU_3_PIPE] |178|  ; [ORIG 16-BIT INS]
     368 000000be 9901              LDR       A2, [SP, #4]          ; [DPU_3_PIPE] |178|  ; [ORIG 16-BIT INS]
     369 000000c0 6840              LDR       A1, [A1, #4]          ; [DPU_3_PIPE] |178|  ; [ORIG 16-BIT INS]
     370 000000c2 6048              STR       A1, [A2, #4]          ; [DPU_3_PIPE] |178|  ; [ORIG 16-BIT INS]
     371                            .dwpsn  file "../Source/list.c",line 179,column 2,is_stmt,isa 1
     372 000000c4 9901              LDR       A2, [SP, #4]          ; [DPU_3_PIPE] |179|  ; [ORIG 16-BIT INS]
     373 000000c6 9801              LDR       A1, [SP, #4]          ; [DPU_3_PIPE] |179|  ; [ORIG 16-BIT INS]
     374 000000c8 6849              LDR       A2, [A2, #4]          ; [DPU_3_PIPE] |179|  ; [ORIG 16-BIT INS]
     375 000000ca 6088              STR       A1, [A2, #8]          ; [DPU_3_PIPE] |179|  ; [ORIG 16-BIT INS]
     376                            .dwpsn  file "../Source/list.c",line 180,column 2,is_stmt,isa 1
     377 000000cc 9802              LDR       A1, [SP, #8]          ; [DPU_3_PIPE] |180|  ; [ORIG 16-BIT INS]
     378 000000ce 9901              LDR       A2, [SP, #4]          ; [DPU_3_PIPE] |180|  ; [ORIG 16-BIT INS]
     379 000000d0 6088              STR       A1, [A2, #8]          ; [DPU_3_PIPE] |180|  ; [ORIG 16-BIT INS]
     380                            .dwpsn  file "../Source/list.c",line 181,column 2,is_stmt,isa 1
     381 000000d2 9801              LDR       A1, [SP, #4]          ; [DPU_3_PIPE] |181|  ; [ORIG 16-BIT INS]
     382 000000d4 9902              LDR       A2, [SP, #8]          ; [DPU_3_PIPE] |181|  ; [ORIG 16-BIT INS]
     383 000000d6 6048              STR       A1, [A2, #4]          ; [DPU_3_PIPE] |181|  ; [ORIG 16-BIT INS]
     384                            .dwpsn  file "../Source/list.c",line 185,column 2,is_stmt,isa 1
     385 000000d8 9800              LDR       A1, [SP, #0]          ; [DPU_3_PIPE] |185|  ; [ORIG 16-BIT INS]
TI ARM Assembler PC v5.1.7 Tue Nov 18 08:17:37 2014

Tools Copyright (c) 1996-2014 Texas Instruments Incorporated
list.asm                                                             PAGE    8

     386 000000da 9901              LDR       A2, [SP, #4]          ; [DPU_3_PIPE] |185|  ; [ORIG 16-BIT INS]
     387 000000dc 6108              STR       A1, [A2, #16]         ; [DPU_3_PIPE] |185|  ; [ORIG 16-BIT INS]
     388                            .dwpsn  file "../Source/list.c",line 187,column 2,is_stmt,isa 1
     389 000000de 9900              LDR       A2, [SP, #0]          ; [DPU_3_PIPE] |187|  ; [ORIG 16-BIT INS]
     390 000000e0 6808              LDR       A1, [A2, #0]          ; [DPU_3_PIPE] |187|  ; [ORIG 16-BIT INS]
     391 000000e2 1C40              ADDS      A1, A1, #1            ; [DPU_3_PIPE] |187|  ; [ORIG 16-BIT INS]
     392 000000e4 6008              STR       A1, [A2, #0]          ; [DPU_3_PIPE] |187|  ; [ORIG 16-BIT INS]
     393                            .dwpsn  file "../Source/list.c",line 188,column 1,is_stmt,isa 1
     394 000000e6 B004              ADD       SP, SP, #16           ; [DPU_3_PIPE]  ; [ORIG 16-BIT INS]
     395                            .dwcfi  cfa_offset, 0
     396                    $C$DW$23        .dwtag  DW_TAG_TI_branch
     397                            .dwattr $C$DW$23, DW_AT_low_pc(0x00)
     398                            .dwattr $C$DW$23, DW_AT_TI_return
     399 000000e8 4770              BX        LR                    ; [DPU_3_PIPE]  ; [ORIG 16-BIT INS]
     400                            ; BRANCH OCCURS                  ; [] 
     401                            .dwattr $C$DW$16, DW_AT_TI_end_file("../Source/list.c")
     402                            .dwattr $C$DW$16, DW_AT_TI_end_line(0xbc)
     403                            .dwattr $C$DW$16, DW_AT_TI_end_column(0x01)
     404                            .dwendentry
     405                            .dwendtag $C$DW$16
     406                    
     407 000000ea                   .sect   ".text"
     408                            .clink
     409                            .thumbfunc uxListRemove
     410 000000ea                   .thumb
     411                            .global uxListRemove
     412                    
     413                    $C$DW$24        .dwtag  DW_TAG_subprogram, DW_AT_name("uxListRemove")
     414                            .dwattr $C$DW$24, DW_AT_low_pc(uxListRemove)
     415                            .dwattr $C$DW$24, DW_AT_high_pc(0x00)
     416                            .dwattr $C$DW$24, DW_AT_TI_symbol_name("uxListRemove")
     417                            .dwattr $C$DW$24, DW_AT_external
     418                            .dwattr $C$DW$24, DW_AT_type(*$C$DW$T$13)
     419                            .dwattr $C$DW$24, DW_AT_TI_begin_file("../Source/list.c")
     420                            .dwattr $C$DW$24, DW_AT_TI_begin_line(0xbf)
     421                            .dwattr $C$DW$24, DW_AT_TI_begin_column(0x18)
     422                            .dwattr $C$DW$24, DW_AT_decl_file("../Source/list.c")
     423                            .dwattr $C$DW$24, DW_AT_decl_line(0xbf)
     424                            .dwattr $C$DW$24, DW_AT_decl_column(0x18)
     425                            .dwattr $C$DW$24, DW_AT_TI_max_frame_size(0x08)
     426                            .dwpsn  file "../Source/list.c",line 192,column 1,is_stmt,address uxListRemove,isa 1
     427                    
     428                            .dwfde $C$DW$CIE, uxListRemove
     429                    $C$DW$25        .dwtag  DW_TAG_formal_parameter, DW_AT_name("pxItemToRemove")
     430                            .dwattr $C$DW$25, DW_AT_TI_symbol_name("pxItemToRemove")
     431                            .dwattr $C$DW$25, DW_AT_type(*$C$DW$T$40)
     432                            .dwattr $C$DW$25, DW_AT_location[DW_OP_reg0]
     433                    
     434                    ;*****************************************************************************
     435                    ;* FUNCTION NAME: uxListRemove                                               *
     436                    ;*                                                                           *
     437                    ;*   Regs Modified     : A1,A2,SP,SR                                         *
     438                    ;*   Regs Used         : A1,A2,SP,LR,SR                                      *
     439                    ;*   Local Frame Size  : 0 Args + 8 Auto + 0 Save = 8 byte                   *
     440                    ;*****************************************************************************
TI ARM Assembler PC v5.1.7 Tue Nov 18 08:17:37 2014

Tools Copyright (c) 1996-2014 Texas Instruments Incorporated
list.asm                                                             PAGE    9

     441 000000ea           uxListRemove:
     442                    ;* --------------------------------------------------------------------------*
     443                            .dwcfi  cfa_offset, 0
     444 000000ea 0D08F1AD          SUB       SP, SP, #8            ; [DPU_3_PIPE]  ; [KEEP 32-BIT INS]
     445                            .dwcfi  cfa_offset, 8
     446                    $C$DW$26        .dwtag  DW_TAG_variable, DW_AT_name("pxItemToRemove")
     447                            .dwattr $C$DW$26, DW_AT_TI_symbol_name("pxItemToRemove")
     448                            .dwattr $C$DW$26, DW_AT_type(*$C$DW$T$40)
     449                            .dwattr $C$DW$26, DW_AT_location[DW_OP_breg13 0]
     450                    $C$DW$27        .dwtag  DW_TAG_variable, DW_AT_name("pxList")
     451                            .dwattr $C$DW$27, DW_AT_TI_symbol_name("pxList")
     452                            .dwattr $C$DW$27, DW_AT_type(*$C$DW$T$38)
     453                            .dwattr $C$DW$27, DW_AT_location[DW_OP_breg13 4]
     454 000000ee 9000              STR       A1, [SP, #0]          ; [DPU_3_PIPE] |192|  ; [ORIG 16-BIT INS]
     455                            .dwpsn  file "../Source/list.c",line 195,column 2,is_stmt,isa 1
     456 000000f0 9900              LDR       A2, [SP, #0]          ; [DPU_3_PIPE] |195|  ; [ORIG 16-BIT INS]
     457 000000f2 9800              LDR       A1, [SP, #0]          ; [DPU_3_PIPE] |195|  ; [ORIG 16-BIT INS]
     458 000000f4 6849              LDR       A2, [A2, #4]          ; [DPU_3_PIPE] |195|  ; [ORIG 16-BIT INS]
     459 000000f6 6880              LDR       A1, [A1, #8]          ; [DPU_3_PIPE] |195|  ; [ORIG 16-BIT INS]
     460 000000f8 6088              STR       A1, [A2, #8]          ; [DPU_3_PIPE] |195|  ; [ORIG 16-BIT INS]
     461                            .dwpsn  file "../Source/list.c",line 196,column 2,is_stmt,isa 1
     462 000000fa 9800              LDR       A1, [SP, #0]          ; [DPU_3_PIPE] |196|  ; [ORIG 16-BIT INS]
     463 000000fc 9900              LDR       A2, [SP, #0]          ; [DPU_3_PIPE] |196|  ; [ORIG 16-BIT INS]
     464 000000fe 6840              LDR       A1, [A1, #4]          ; [DPU_3_PIPE] |196|  ; [ORIG 16-BIT INS]
     465 00000100 6889              LDR       A2, [A2, #8]          ; [DPU_3_PIPE] |196|  ; [ORIG 16-BIT INS]
     466 00000102 6048              STR       A1, [A2, #4]          ; [DPU_3_PIPE] |196|  ; [ORIG 16-BIT INS]
     467                            .dwpsn  file "../Source/list.c",line 200,column 2,is_stmt,isa 1
     468 00000104 9800              LDR       A1, [SP, #0]          ; [DPU_3_PIPE] |200|  ; [ORIG 16-BIT INS]
     469 00000106 6900              LDR       A1, [A1, #16]         ; [DPU_3_PIPE] |200|  ; [ORIG 16-BIT INS]
     470 00000108 9001              STR       A1, [SP, #4]          ; [DPU_3_PIPE] |200|  ; [ORIG 16-BIT INS]
     471                            .dwpsn  file "../Source/list.c",line 203,column 2,is_stmt,isa 1
     472 0000010a 9901              LDR       A2, [SP, #4]          ; [DPU_3_PIPE] |203|  ; [ORIG 16-BIT INS]
     473 0000010c 9800              LDR       A1, [SP, #0]          ; [DPU_3_PIPE] |203|  ; [ORIG 16-BIT INS]
     474 0000010e 6849              LDR       A2, [A2, #4]          ; [DPU_3_PIPE] |203|  ; [ORIG 16-BIT INS]
     475 00000110 4288              CMP       A1, A2                ; [DPU_3_PIPE] |203|  ; [ORIG 16-BIT INS]
     476 00000112 D103              BNE       ||$C$L5||             ; [DPU_3_PIPE] |203|  ; [ORIG 16-BIT INS]
     477                            ; BRANCHCC OCCURS {||$C$L5||}    ; [] |203| 
     478                    ;* --------------------------------------------------------------------------*
     479                            .dwpsn  file "../Source/list.c",line 205,column 3,is_stmt,isa 1
     480 00000114 9800              LDR       A1, [SP, #0]          ; [DPU_3_PIPE] |205|  ; [ORIG 16-BIT INS]
     481 00000116 9901              LDR       A2, [SP, #4]          ; [DPU_3_PIPE] |205|  ; [ORIG 16-BIT INS]
     482 00000118 6880              LDR       A1, [A1, #8]          ; [DPU_3_PIPE] |205|  ; [ORIG 16-BIT INS]
     483 0000011a 6048              STR       A1, [A2, #4]          ; [DPU_3_PIPE] |205|  ; [ORIG 16-BIT INS]
     484                    ;* --------------------------------------------------------------------------*
     485 0000011c           ||$C$L5||:    
     486                            .dwpsn  file "../Source/list.c",line 208,column 2,is_stmt,isa 1
     487 0000011c 9800              LDR       A1, [SP, #0]          ; [DPU_3_PIPE] |208|  ; [ORIG 16-BIT INS]
     488 0000011e 2100              MOVS      A2, #0                ; [DPU_3_PIPE] |208|  ; [ORIG 16-BIT INS]
     489 00000120 6101              STR       A2, [A1, #16]         ; [DPU_3_PIPE] |208|  ; [ORIG 16-BIT INS]
     490                            .dwpsn  file "../Source/list.c",line 209,column 2,is_stmt,isa 1
     491 00000122 9901              LDR       A2, [SP, #4]          ; [DPU_3_PIPE] |209|  ; [ORIG 16-BIT INS]
     492 00000124 6808              LDR       A1, [A2, #0]          ; [DPU_3_PIPE] |209|  ; [ORIG 16-BIT INS]
     493 00000126 1E40              SUBS      A1, A1, #1            ; [DPU_3_PIPE] |209|  ; [ORIG 16-BIT INS]
     494 00000128 6008              STR       A1, [A2, #0]          ; [DPU_3_PIPE] |209|  ; [ORIG 16-BIT INS]
     495                            .dwpsn  file "../Source/list.c",line 211,column 2,is_stmt,isa 1
TI ARM Assembler PC v5.1.7 Tue Nov 18 08:17:37 2014

Tools Copyright (c) 1996-2014 Texas Instruments Incorporated
list.asm                                                             PAGE   10

     496 0000012a 9801              LDR       A1, [SP, #4]          ; [DPU_3_PIPE] |211|  ; [ORIG 16-BIT INS]
     497 0000012c 6800              LDR       A1, [A1, #0]          ; [DPU_3_PIPE] |211|  ; [ORIG 16-BIT INS]
     498                            .dwpsn  file "../Source/list.c",line 212,column 1,is_stmt,isa 1
     499 0000012e B002              ADD       SP, SP, #8            ; [DPU_3_PIPE]  ; [ORIG 16-BIT INS]
     500                            .dwcfi  cfa_offset, 0
     501                    $C$DW$28        .dwtag  DW_TAG_TI_branch
     502                            .dwattr $C$DW$28, DW_AT_low_pc(0x00)
     503                            .dwattr $C$DW$28, DW_AT_TI_return
     504 00000130 4770              BX        LR                    ; [DPU_3_PIPE]  ; [ORIG 16-BIT INS]
     505                            ; BRANCH OCCURS                  ; [] 
     506                            .dwattr $C$DW$24, DW_AT_TI_end_file("../Source/list.c")
     507                            .dwattr $C$DW$24, DW_AT_TI_end_line(0xd4)
     508                            .dwattr $C$DW$24, DW_AT_TI_end_column(0x01)
     509                            .dwendentry
     510                            .dwendtag $C$DW$24
     511                    
     512                    
     513                    ;******************************************************************************
     514                    ;* BUILD ATTRIBUTES                                                           *
     515                    ;******************************************************************************
     516                            .battr "aeabi", Tag_File, 1, Tag_ABI_PCS_wchar_t(2)
     517                            .battr "aeabi", Tag_File, 1, Tag_ABI_FP_rounding(0)
     518                            .battr "aeabi", Tag_File, 1, Tag_ABI_FP_denormal(0)
     519                            .battr "aeabi", Tag_File, 1, Tag_ABI_FP_exceptions(0)
     520                            .battr "aeabi", Tag_File, 1, Tag_ABI_FP_number_model(1)
     521                            .battr "aeabi", Tag_File, 1, Tag_ABI_enum_size(0)
     522                            .battr "aeabi", Tag_File, 1, Tag_ABI_optimization_goals(5)
     523                            .battr "aeabi", Tag_File, 1, Tag_ABI_FP_optimization_goals(0)
     524                            .battr "TI", Tag_File, 1, Tag_Bitfield_layout(2)
     525                            .battr "TI", Tag_File, 1, Tag_FP_interface(1)
     526                    
     527                    ;******************************************************************************
     528                    ;* TYPE INFORMATION                                                           *
     529                    ;******************************************************************************
     530                    
     531                    $C$DW$T$19      .dwtag  DW_TAG_structure_type
     532                            .dwattr $C$DW$T$19, DW_AT_byte_size(0x08)
     533                    $C$DW$29        .dwtag  DW_TAG_member
     534                            .dwattr $C$DW$29, DW_AT_type(*$C$DW$T$10)
     535                            .dwattr $C$DW$29, DW_AT_name("quot")
     536                            .dwattr $C$DW$29, DW_AT_TI_symbol_name("quot")
     537                            .dwattr $C$DW$29, DW_AT_data_member_location[DW_OP_plus_uconst 0x0]
     538                            .dwattr $C$DW$29, DW_AT_accessibility(DW_ACCESS_public)
     539                            .dwattr $C$DW$29, DW_AT_decl_file("C:/TI_CodeComposer/ccsv6/tools/compiler/arm_5.1.7/include/s
     540                            .dwattr $C$DW$29, DW_AT_decl_line(0x50)
     541                            .dwattr $C$DW$29, DW_AT_decl_column(0x16)
     542                    $C$DW$30        .dwtag  DW_TAG_member
     543                            .dwattr $C$DW$30, DW_AT_type(*$C$DW$T$10)
     544                            .dwattr $C$DW$30, DW_AT_name("rem")
     545                            .dwattr $C$DW$30, DW_AT_TI_symbol_name("rem")
     546                            .dwattr $C$DW$30, DW_AT_data_member_location[DW_OP_plus_uconst 0x4]
     547                            .dwattr $C$DW$30, DW_AT_accessibility(DW_ACCESS_public)
     548                            .dwattr $C$DW$30, DW_AT_decl_file("C:/TI_CodeComposer/ccsv6/tools/compiler/arm_5.1.7/include/s
     549                            .dwattr $C$DW$30, DW_AT_decl_line(0x50)
     550                            .dwattr $C$DW$30, DW_AT_decl_column(0x1c)
TI ARM Assembler PC v5.1.7 Tue Nov 18 08:17:37 2014

Tools Copyright (c) 1996-2014 Texas Instruments Incorporated
list.asm                                                             PAGE   11

     551                            .dwendtag $C$DW$T$19
     552                    
     553                            .dwattr $C$DW$T$19, DW_AT_decl_file("C:/TI_CodeComposer/ccsv6/tools/compiler/arm_5.1.7/include
     554                            .dwattr $C$DW$T$19, DW_AT_decl_line(0x50)
     555                            .dwattr $C$DW$T$19, DW_AT_decl_column(0x10)
     556                    $C$DW$T$34      .dwtag  DW_TAG_typedef, DW_AT_name("div_t")
     557                            .dwattr $C$DW$T$34, DW_AT_type(*$C$DW$T$19)
     558                            .dwattr $C$DW$T$34, DW_AT_language(DW_LANG_C)
     559                            .dwattr $C$DW$T$34, DW_AT_decl_file("C:/TI_CodeComposer/ccsv6/tools/compiler/arm_5.1.7/include
     560                            .dwattr $C$DW$T$34, DW_AT_decl_line(0x50)
     561                            .dwattr $C$DW$T$34, DW_AT_decl_column(0x23)
     562                    
     563                    $C$DW$T$20      .dwtag  DW_TAG_structure_type
     564                            .dwattr $C$DW$T$20, DW_AT_byte_size(0x08)
     565                    $C$DW$31        .dwtag  DW_TAG_member
     566                            .dwattr $C$DW$31, DW_AT_type(*$C$DW$T$10)
     567                            .dwattr $C$DW$31, DW_AT_name("quot")
     568                            .dwattr $C$DW$31, DW_AT_TI_symbol_name("quot")
     569                            .dwattr $C$DW$31, DW_AT_data_member_location[DW_OP_plus_uconst 0x0]
     570                            .dwattr $C$DW$31, DW_AT_accessibility(DW_ACCESS_public)
     571                            .dwattr $C$DW$31, DW_AT_decl_file("C:/TI_CodeComposer/ccsv6/tools/compiler/arm_5.1.7/include/s
     572                            .dwattr $C$DW$31, DW_AT_decl_line(0x52)
     573                            .dwattr $C$DW$31, DW_AT_decl_column(0x16)
     574                    $C$DW$32        .dwtag  DW_TAG_member
     575                            .dwattr $C$DW$32, DW_AT_type(*$C$DW$T$10)
     576                            .dwattr $C$DW$32, DW_AT_name("rem")
     577                            .dwattr $C$DW$32, DW_AT_TI_symbol_name("rem")
     578                            .dwattr $C$DW$32, DW_AT_data_member_location[DW_OP_plus_uconst 0x4]
     579                            .dwattr $C$DW$32, DW_AT_accessibility(DW_ACCESS_public)
     580                            .dwattr $C$DW$32, DW_AT_decl_file("C:/TI_CodeComposer/ccsv6/tools/compiler/arm_5.1.7/include/s
     581                            .dwattr $C$DW$32, DW_AT_decl_line(0x52)
     582                            .dwattr $C$DW$32, DW_AT_decl_column(0x1c)
     583                            .dwendtag $C$DW$T$20
     584                    
     585                            .dwattr $C$DW$T$20, DW_AT_decl_file("C:/TI_CodeComposer/ccsv6/tools/compiler/arm_5.1.7/include
     586                            .dwattr $C$DW$T$20, DW_AT_decl_line(0x52)
     587                            .dwattr $C$DW$T$20, DW_AT_decl_column(0x10)
     588                    $C$DW$T$35      .dwtag  DW_TAG_typedef, DW_AT_name("ldiv_t")
     589                            .dwattr $C$DW$T$35, DW_AT_type(*$C$DW$T$20)
     590                            .dwattr $C$DW$T$35, DW_AT_language(DW_LANG_C)
     591                            .dwattr $C$DW$T$35, DW_AT_decl_file("C:/TI_CodeComposer/ccsv6/tools/compiler/arm_5.1.7/include
     592                            .dwattr $C$DW$T$35, DW_AT_decl_line(0x52)
     593                            .dwattr $C$DW$T$35, DW_AT_decl_column(0x23)
     594                    
     595                    $C$DW$T$21      .dwtag  DW_TAG_structure_type
     596                            .dwattr $C$DW$T$21, DW_AT_byte_size(0x10)
     597                    $C$DW$33        .dwtag  DW_TAG_member
     598                            .dwattr $C$DW$33, DW_AT_type(*$C$DW$T$14)
     599                            .dwattr $C$DW$33, DW_AT_name("quot")
     600                            .dwattr $C$DW$33, DW_AT_TI_symbol_name("quot")
     601                            .dwattr $C$DW$33, DW_AT_data_member_location[DW_OP_plus_uconst 0x0]
     602                            .dwattr $C$DW$33, DW_AT_accessibility(DW_ACCESS_public)
     603                            .dwattr $C$DW$33, DW_AT_decl_file("C:/TI_CodeComposer/ccsv6/tools/compiler/arm_5.1.7/include/s
     604                            .dwattr $C$DW$33, DW_AT_decl_line(0x55)
     605                            .dwattr $C$DW$33, DW_AT_decl_column(0x1c)
TI ARM Assembler PC v5.1.7 Tue Nov 18 08:17:37 2014

Tools Copyright (c) 1996-2014 Texas Instruments Incorporated
list.asm                                                             PAGE   12

     606                    $C$DW$34        .dwtag  DW_TAG_member
     607                            .dwattr $C$DW$34, DW_AT_type(*$C$DW$T$14)
     608                            .dwattr $C$DW$34, DW_AT_name("rem")
     609                            .dwattr $C$DW$34, DW_AT_TI_symbol_name("rem")
     610                            .dwattr $C$DW$34, DW_AT_data_member_location[DW_OP_plus_uconst 0x8]
     611                            .dwattr $C$DW$34, DW_AT_accessibility(DW_ACCESS_public)
     612                            .dwattr $C$DW$34, DW_AT_decl_file("C:/TI_CodeComposer/ccsv6/tools/compiler/arm_5.1.7/include/s
     613                            .dwattr $C$DW$34, DW_AT_decl_line(0x55)
     614                            .dwattr $C$DW$34, DW_AT_decl_column(0x22)
     615                            .dwendtag $C$DW$T$21
     616                    
     617                            .dwattr $C$DW$T$21, DW_AT_decl_file("C:/TI_CodeComposer/ccsv6/tools/compiler/arm_5.1.7/include
     618                            .dwattr $C$DW$T$21, DW_AT_decl_line(0x55)
     619                            .dwattr $C$DW$T$21, DW_AT_decl_column(0x10)
     620                    $C$DW$T$36      .dwtag  DW_TAG_typedef, DW_AT_name("lldiv_t")
     621                            .dwattr $C$DW$T$36, DW_AT_type(*$C$DW$T$21)
     622                            .dwattr $C$DW$T$36, DW_AT_language(DW_LANG_C)
     623                            .dwattr $C$DW$T$36, DW_AT_decl_file("C:/TI_CodeComposer/ccsv6/tools/compiler/arm_5.1.7/include
     624                            .dwattr $C$DW$T$36, DW_AT_decl_line(0x55)
     625                            .dwattr $C$DW$T$36, DW_AT_decl_column(0x29)
     626                    $C$DW$T$2       .dwtag  DW_TAG_unspecified_type
     627                            .dwattr $C$DW$T$2, DW_AT_name("void")
     628                    $C$DW$T$3       .dwtag  DW_TAG_pointer_type
     629                            .dwattr $C$DW$T$3, DW_AT_type(*$C$DW$T$2)
     630                            .dwattr $C$DW$T$3, DW_AT_address_class(0x20)
     631                    
     632                    $C$DW$T$43      .dwtag  DW_TAG_subroutine_type
     633                            .dwattr $C$DW$T$43, DW_AT_language(DW_LANG_C)
     634                    $C$DW$T$44      .dwtag  DW_TAG_pointer_type
     635                            .dwattr $C$DW$T$44, DW_AT_type(*$C$DW$T$43)
     636                            .dwattr $C$DW$T$44, DW_AT_address_class(0x20)
     637                    $C$DW$T$45      .dwtag  DW_TAG_typedef, DW_AT_name("__TI_atexit_fn")
     638                            .dwattr $C$DW$T$45, DW_AT_type(*$C$DW$T$44)
     639                            .dwattr $C$DW$T$45, DW_AT_language(DW_LANG_C)
     640                            .dwattr $C$DW$T$45, DW_AT_decl_file("C:/TI_CodeComposer/ccsv6/tools/compiler/arm_5.1.7/include
     641                            .dwattr $C$DW$T$45, DW_AT_decl_line(0xa3)
     642                            .dwattr $C$DW$T$45, DW_AT_decl_column(0x14)
     643                    $C$DW$T$46      .dwtag  DW_TAG_const_type
     644                            .dwattr $C$DW$T$46, DW_AT_type(*$C$DW$T$2)
     645                    $C$DW$T$47      .dwtag  DW_TAG_pointer_type
     646                            .dwattr $C$DW$T$47, DW_AT_type(*$C$DW$T$46)
     647                            .dwattr $C$DW$T$47, DW_AT_address_class(0x20)
     648                    
     649                    $C$DW$T$48      .dwtag  DW_TAG_subroutine_type
     650                            .dwattr $C$DW$T$48, DW_AT_language(DW_LANG_C)
     651                    $C$DW$35        .dwtag  DW_TAG_formal_parameter
     652                            .dwattr $C$DW$35, DW_AT_type(*$C$DW$T$3)
     653                            .dwendtag $C$DW$T$48
     654                    
     655                    $C$DW$T$49      .dwtag  DW_TAG_pointer_type
     656                            .dwattr $C$DW$T$49, DW_AT_type(*$C$DW$T$48)
     657                            .dwattr $C$DW$T$49, DW_AT_address_class(0x20)
     658                    $C$DW$T$50      .dwtag  DW_TAG_typedef, DW_AT_name("pdTASK_CODE")
     659                            .dwattr $C$DW$T$50, DW_AT_type(*$C$DW$T$49)
     660                            .dwattr $C$DW$T$50, DW_AT_language(DW_LANG_C)
TI ARM Assembler PC v5.1.7 Tue Nov 18 08:17:37 2014

Tools Copyright (c) 1996-2014 Texas Instruments Incorporated
list.asm                                                             PAGE   13

     661                            .dwattr $C$DW$T$50, DW_AT_decl_file("H:\EECS_388\TI_ARM_Projects\FreeRTOS_ADC_Lab7\Source\incl
     662                            .dwattr $C$DW$T$50, DW_AT_decl_line(0x4f)
     663                            .dwattr $C$DW$T$50, DW_AT_decl_column(0x10)
     664                    $C$DW$T$4       .dwtag  DW_TAG_base_type
     665                            .dwattr $C$DW$T$4, DW_AT_encoding(DW_ATE_boolean)
     666                            .dwattr $C$DW$T$4, DW_AT_name("bool")
     667                            .dwattr $C$DW$T$4, DW_AT_byte_size(0x01)
     668                    $C$DW$T$5       .dwtag  DW_TAG_base_type
     669                            .dwattr $C$DW$T$5, DW_AT_encoding(DW_ATE_signed_char)
     670                            .dwattr $C$DW$T$5, DW_AT_name("signed char")
     671                            .dwattr $C$DW$T$5, DW_AT_byte_size(0x01)
     672                    $C$DW$T$6       .dwtag  DW_TAG_base_type
     673                            .dwattr $C$DW$T$6, DW_AT_encoding(DW_ATE_unsigned_char)
     674                            .dwattr $C$DW$T$6, DW_AT_name("unsigned char")
     675                            .dwattr $C$DW$T$6, DW_AT_byte_size(0x01)
     676                    $C$DW$T$7       .dwtag  DW_TAG_base_type
     677                            .dwattr $C$DW$T$7, DW_AT_encoding(DW_ATE_signed_char)
     678                            .dwattr $C$DW$T$7, DW_AT_name("wchar_t")
     679                            .dwattr $C$DW$T$7, DW_AT_byte_size(0x02)
     680                    $C$DW$T$8       .dwtag  DW_TAG_base_type
     681                            .dwattr $C$DW$T$8, DW_AT_encoding(DW_ATE_signed)
     682                            .dwattr $C$DW$T$8, DW_AT_name("short")
     683                            .dwattr $C$DW$T$8, DW_AT_byte_size(0x02)
     684                    $C$DW$T$9       .dwtag  DW_TAG_base_type
     685                            .dwattr $C$DW$T$9, DW_AT_encoding(DW_ATE_unsigned)
     686                            .dwattr $C$DW$T$9, DW_AT_name("unsigned short")
     687                            .dwattr $C$DW$T$9, DW_AT_byte_size(0x02)
     688                    $C$DW$T$51      .dwtag  DW_TAG_typedef, DW_AT_name("wchar_t")
     689                            .dwattr $C$DW$T$51, DW_AT_type(*$C$DW$T$9)
     690                            .dwattr $C$DW$T$51, DW_AT_language(DW_LANG_C)
     691                            .dwattr $C$DW$T$51, DW_AT_decl_file("C:/TI_CodeComposer/ccsv6/tools/compiler/arm_5.1.7/include
     692                            .dwattr $C$DW$T$51, DW_AT_decl_line(0x6a)
     693                            .dwattr $C$DW$T$51, DW_AT_decl_column(0x1a)
     694                    $C$DW$T$10      .dwtag  DW_TAG_base_type
     695                            .dwattr $C$DW$T$10, DW_AT_encoding(DW_ATE_signed)
     696                            .dwattr $C$DW$T$10, DW_AT_name("int")
     697                            .dwattr $C$DW$T$10, DW_AT_byte_size(0x04)
     698                    
     699                    $C$DW$T$52      .dwtag  DW_TAG_subroutine_type
     700                            .dwattr $C$DW$T$52, DW_AT_type(*$C$DW$T$10)
     701                            .dwattr $C$DW$T$52, DW_AT_language(DW_LANG_C)
     702                    $C$DW$36        .dwtag  DW_TAG_formal_parameter
     703                            .dwattr $C$DW$36, DW_AT_type(*$C$DW$T$47)
     704                    $C$DW$37        .dwtag  DW_TAG_formal_parameter
     705                            .dwattr $C$DW$37, DW_AT_type(*$C$DW$T$47)
     706                            .dwendtag $C$DW$T$52
     707                    
     708                    $C$DW$T$53      .dwtag  DW_TAG_pointer_type
     709                            .dwattr $C$DW$T$53, DW_AT_type(*$C$DW$T$52)
     710                            .dwattr $C$DW$T$53, DW_AT_address_class(0x20)
     711                    $C$DW$T$54      .dwtag  DW_TAG_typedef, DW_AT_name("__TI_compar_fn")
     712                            .dwattr $C$DW$T$54, DW_AT_type(*$C$DW$T$53)
     713                            .dwattr $C$DW$T$54, DW_AT_language(DW_LANG_C)
     714                            .dwattr $C$DW$T$54, DW_AT_decl_file("C:/TI_CodeComposer/ccsv6/tools/compiler/arm_5.1.7/include
     715                            .dwattr $C$DW$T$54, DW_AT_decl_line(0xa6)
TI ARM Assembler PC v5.1.7 Tue Nov 18 08:17:37 2014

Tools Copyright (c) 1996-2014 Texas Instruments Incorporated
list.asm                                                             PAGE   14

     716                            .dwattr $C$DW$T$54, DW_AT_decl_column(0x13)
     717                    $C$DW$T$55      .dwtag  DW_TAG_typedef, DW_AT_name("ptrdiff_t")
     718                            .dwattr $C$DW$T$55, DW_AT_type(*$C$DW$T$10)
     719                            .dwattr $C$DW$T$55, DW_AT_language(DW_LANG_C)
     720                            .dwattr $C$DW$T$55, DW_AT_decl_file("C:/TI_CodeComposer/ccsv6/tools/compiler/arm_5.1.7/include
     721                            .dwattr $C$DW$T$55, DW_AT_decl_line(0x31)
     722                            .dwattr $C$DW$T$55, DW_AT_decl_column(0x1c)
     723                    $C$DW$T$11      .dwtag  DW_TAG_base_type
     724                            .dwattr $C$DW$T$11, DW_AT_encoding(DW_ATE_unsigned)
     725                            .dwattr $C$DW$T$11, DW_AT_name("unsigned int")
     726                            .dwattr $C$DW$T$11, DW_AT_byte_size(0x04)
     727                    $C$DW$T$56      .dwtag  DW_TAG_typedef, DW_AT_name("size_t")
     728                            .dwattr $C$DW$T$56, DW_AT_type(*$C$DW$T$11)
     729                            .dwattr $C$DW$T$56, DW_AT_language(DW_LANG_C)
     730                            .dwattr $C$DW$T$56, DW_AT_decl_file("C:/TI_CodeComposer/ccsv6/tools/compiler/arm_5.1.7/include
     731                            .dwattr $C$DW$T$56, DW_AT_decl_line(0x64)
     732                            .dwattr $C$DW$T$56, DW_AT_decl_column(0x19)
     733                    $C$DW$T$12      .dwtag  DW_TAG_base_type
     734                            .dwattr $C$DW$T$12, DW_AT_encoding(DW_ATE_signed)
     735                            .dwattr $C$DW$T$12, DW_AT_name("long")
     736                            .dwattr $C$DW$T$12, DW_AT_byte_size(0x04)
     737                    
     738                    $C$DW$T$57      .dwtag  DW_TAG_subroutine_type
     739                            .dwattr $C$DW$T$57, DW_AT_type(*$C$DW$T$12)
     740                            .dwattr $C$DW$T$57, DW_AT_language(DW_LANG_C)
     741                    $C$DW$38        .dwtag  DW_TAG_formal_parameter
     742                            .dwattr $C$DW$38, DW_AT_type(*$C$DW$T$3)
     743                            .dwendtag $C$DW$T$57
     744                    
     745                    $C$DW$T$58      .dwtag  DW_TAG_pointer_type
     746                            .dwattr $C$DW$T$58, DW_AT_type(*$C$DW$T$57)
     747                            .dwattr $C$DW$T$58, DW_AT_address_class(0x20)
     748                    $C$DW$T$59      .dwtag  DW_TAG_typedef, DW_AT_name("pdTASK_HOOK_CODE")
     749                            .dwattr $C$DW$T$59, DW_AT_type(*$C$DW$T$58)
     750                            .dwattr $C$DW$T$59, DW_AT_language(DW_LANG_C)
     751                            .dwattr $C$DW$T$59, DW_AT_decl_file("H:/EECS_388/TI_ARM_Projects/FreeRTOS_ADC_Lab7/Source/incl
     752                            .dwattr $C$DW$T$59, DW_AT_decl_line(0x66)
     753                            .dwattr $C$DW$T$59, DW_AT_decl_column(0x19)
     754                    $C$DW$T$13      .dwtag  DW_TAG_base_type
     755                            .dwattr $C$DW$T$13, DW_AT_encoding(DW_ATE_unsigned)
     756                            .dwattr $C$DW$T$13, DW_AT_name("unsigned long")
     757                            .dwattr $C$DW$T$13, DW_AT_byte_size(0x04)
     758                    $C$DW$T$22      .dwtag  DW_TAG_volatile_type
     759                            .dwattr $C$DW$T$22, DW_AT_type(*$C$DW$T$13)
     760                    $C$DW$T$29      .dwtag  DW_TAG_typedef, DW_AT_name("portTickType")
     761                            .dwattr $C$DW$T$29, DW_AT_type(*$C$DW$T$13)
     762                            .dwattr $C$DW$T$29, DW_AT_language(DW_LANG_C)
     763                            .dwattr $C$DW$T$29, DW_AT_decl_file("H:\EECS_388\TI_ARM_Projects\FreeRTOS_ADC_Lab7\Source\incl
     764                            .dwattr $C$DW$T$29, DW_AT_decl_line(0x6a)
     765                            .dwattr $C$DW$T$29, DW_AT_decl_column(0x1c)
     766                    $C$DW$T$14      .dwtag  DW_TAG_base_type
     767                            .dwattr $C$DW$T$14, DW_AT_encoding(DW_ATE_signed)
     768                            .dwattr $C$DW$T$14, DW_AT_name("long long")
     769                            .dwattr $C$DW$T$14, DW_AT_byte_size(0x08)
     770                    $C$DW$T$15      .dwtag  DW_TAG_base_type
TI ARM Assembler PC v5.1.7 Tue Nov 18 08:17:37 2014

Tools Copyright (c) 1996-2014 Texas Instruments Incorporated
list.asm                                                             PAGE   15

     771                            .dwattr $C$DW$T$15, DW_AT_encoding(DW_ATE_unsigned)
     772                            .dwattr $C$DW$T$15, DW_AT_name("unsigned long long")
     773                            .dwattr $C$DW$T$15, DW_AT_byte_size(0x08)
     774                    $C$DW$T$16      .dwtag  DW_TAG_base_type
     775                            .dwattr $C$DW$T$16, DW_AT_encoding(DW_ATE_float)
     776                            .dwattr $C$DW$T$16, DW_AT_name("float")
     777                            .dwattr $C$DW$T$16, DW_AT_byte_size(0x04)
     778                    $C$DW$T$17      .dwtag  DW_TAG_base_type
     779                            .dwattr $C$DW$T$17, DW_AT_encoding(DW_ATE_float)
     780                            .dwattr $C$DW$T$17, DW_AT_name("double")
     781                            .dwattr $C$DW$T$17, DW_AT_byte_size(0x08)
     782                    $C$DW$T$18      .dwtag  DW_TAG_base_type
     783                            .dwattr $C$DW$T$18, DW_AT_encoding(DW_ATE_float)
     784                            .dwattr $C$DW$T$18, DW_AT_name("long double")
     785                            .dwattr $C$DW$T$18, DW_AT_byte_size(0x08)
     786                    
     787                    $C$DW$T$28      .dwtag  DW_TAG_structure_type
     788                            .dwattr $C$DW$T$28, DW_AT_name("xLIST")
     789                            .dwattr $C$DW$T$28, DW_AT_byte_size(0x14)
     790                    $C$DW$39        .dwtag  DW_TAG_member
     791                            .dwattr $C$DW$39, DW_AT_type(*$C$DW$T$22)
     792                            .dwattr $C$DW$39, DW_AT_name("uxNumberOfItems")
     793                            .dwattr $C$DW$39, DW_AT_TI_symbol_name("uxNumberOfItems")
     794                            .dwattr $C$DW$39, DW_AT_data_member_location[DW_OP_plus_uconst 0x0]
     795                            .dwattr $C$DW$39, DW_AT_accessibility(DW_ACCESS_public)
     796                            .dwattr $C$DW$39, DW_AT_decl_file("H:/EECS_388/TI_ARM_Projects/FreeRTOS_ADC_Lab7/Source/includ
     797                            .dwattr $C$DW$39, DW_AT_decl_line(0x88)
     798                            .dwattr $C$DW$39, DW_AT_decl_column(0x22)
     799                    $C$DW$40        .dwtag  DW_TAG_member
     800                            .dwattr $C$DW$40, DW_AT_type(*$C$DW$T$25)
     801                            .dwattr $C$DW$40, DW_AT_name("pxIndex")
     802                            .dwattr $C$DW$40, DW_AT_TI_symbol_name("pxIndex")
     803                            .dwattr $C$DW$40, DW_AT_data_member_location[DW_OP_plus_uconst 0x4]
     804                            .dwattr $C$DW$40, DW_AT_accessibility(DW_ACCESS_public)
     805                            .dwattr $C$DW$40, DW_AT_decl_file("H:/EECS_388/TI_ARM_Projects/FreeRTOS_ADC_Lab7/Source/includ
     806                            .dwattr $C$DW$40, DW_AT_decl_line(0x89)
     807                            .dwattr $C$DW$40, DW_AT_decl_column(0x17)
     808                    $C$DW$41        .dwtag  DW_TAG_member
     809                            .dwattr $C$DW$41, DW_AT_type(*$C$DW$T$27)
     810                            .dwattr $C$DW$41, DW_AT_name("xListEnd")
     811                            .dwattr $C$DW$41, DW_AT_TI_symbol_name("xListEnd")
     812                            .dwattr $C$DW$41, DW_AT_data_member_location[DW_OP_plus_uconst 0x8]
     813                            .dwattr $C$DW$41, DW_AT_accessibility(DW_ACCESS_public)
     814                            .dwattr $C$DW$41, DW_AT_decl_file("H:/EECS_388/TI_ARM_Projects/FreeRTOS_ADC_Lab7/Source/includ
     815                            .dwattr $C$DW$41, DW_AT_decl_line(0x8a)
     816                            .dwattr $C$DW$41, DW_AT_decl_column(0x19)
     817                            .dwendtag $C$DW$T$28
     818                    
     819                            .dwattr $C$DW$T$28, DW_AT_decl_file("H:/EECS_388/TI_ARM_Projects/FreeRTOS_ADC_Lab7/Source/incl
     820                            .dwattr $C$DW$T$28, DW_AT_decl_line(0x86)
     821                            .dwattr $C$DW$T$28, DW_AT_decl_column(0x10)
     822                    $C$DW$T$37      .dwtag  DW_TAG_typedef, DW_AT_name("xList")
     823                            .dwattr $C$DW$T$37, DW_AT_type(*$C$DW$T$28)
     824                            .dwattr $C$DW$T$37, DW_AT_language(DW_LANG_C)
     825                            .dwattr $C$DW$T$37, DW_AT_decl_file("H:/EECS_388/TI_ARM_Projects/FreeRTOS_ADC_Lab7/Source/incl
TI ARM Assembler PC v5.1.7 Tue Nov 18 08:17:37 2014

Tools Copyright (c) 1996-2014 Texas Instruments Incorporated
list.asm                                                             PAGE   16

     826                            .dwattr $C$DW$T$37, DW_AT_decl_line(0x8b)
     827                            .dwattr $C$DW$T$37, DW_AT_decl_column(0x03)
     828                    $C$DW$T$38      .dwtag  DW_TAG_pointer_type
     829                            .dwattr $C$DW$T$38, DW_AT_type(*$C$DW$T$37)
     830                            .dwattr $C$DW$T$38, DW_AT_address_class(0x20)
     831                    
     832                    $C$DW$T$32      .dwtag  DW_TAG_structure_type
     833                            .dwattr $C$DW$T$32, DW_AT_name("xLIST_ITEM")
     834                            .dwattr $C$DW$T$32, DW_AT_byte_size(0x14)
     835                    $C$DW$42        .dwtag  DW_TAG_member
     836                            .dwattr $C$DW$42, DW_AT_type(*$C$DW$T$29)
     837                            .dwattr $C$DW$42, DW_AT_name("xItemValue")
     838                            .dwattr $C$DW$42, DW_AT_TI_symbol_name("xItemValue")
     839                            .dwattr $C$DW$42, DW_AT_data_member_location[DW_OP_plus_uconst 0x0]
     840                            .dwattr $C$DW$42, DW_AT_accessibility(DW_ACCESS_public)
     841                            .dwattr $C$DW$42, DW_AT_decl_file("H:/EECS_388/TI_ARM_Projects/FreeRTOS_ADC_Lab7/Source/includ
     842                            .dwattr $C$DW$42, DW_AT_decl_line(0x73)
     843                            .dwattr $C$DW$42, DW_AT_decl_column(0x0f)
     844                    $C$DW$43        .dwtag  DW_TAG_member
     845                            .dwattr $C$DW$43, DW_AT_type(*$C$DW$T$31)
     846                            .dwattr $C$DW$43, DW_AT_name("pxNext")
     847                            .dwattr $C$DW$43, DW_AT_TI_symbol_name("pxNext")
     848                            .dwattr $C$DW$43, DW_AT_data_member_location[DW_OP_plus_uconst 0x4]
     849                            .dwattr $C$DW$43, DW_AT_accessibility(DW_ACCESS_public)
     850                            .dwattr $C$DW$43, DW_AT_decl_file("H:/EECS_388/TI_ARM_Projects/FreeRTOS_ADC_Lab7/Source/includ
     851                            .dwattr $C$DW$43, DW_AT_decl_line(0x74)
     852                            .dwattr $C$DW$43, DW_AT_decl_column(0x1f)
     853                    $C$DW$44        .dwtag  DW_TAG_member
     854                            .dwattr $C$DW$44, DW_AT_type(*$C$DW$T$31)
     855                            .dwattr $C$DW$44, DW_AT_name("pxPrevious")
     856                            .dwattr $C$DW$44, DW_AT_TI_symbol_name("pxPrevious")
     857                            .dwattr $C$DW$44, DW_AT_data_member_location[DW_OP_plus_uconst 0x8]
     858                            .dwattr $C$DW$44, DW_AT_accessibility(DW_ACCESS_public)
     859                            .dwattr $C$DW$44, DW_AT_decl_file("H:/EECS_388/TI_ARM_Projects/FreeRTOS_ADC_Lab7/Source/includ
     860                            .dwattr $C$DW$44, DW_AT_decl_line(0x75)
     861                            .dwattr $C$DW$44, DW_AT_decl_column(0x1f)
     862                    $C$DW$45        .dwtag  DW_TAG_member
     863                            .dwattr $C$DW$45, DW_AT_type(*$C$DW$T$3)
     864                            .dwattr $C$DW$45, DW_AT_name("pvOwner")
     865                            .dwattr $C$DW$45, DW_AT_TI_symbol_name("pvOwner")
     866                            .dwattr $C$DW$45, DW_AT_data_member_location[DW_OP_plus_uconst 0xc]
     867                            .dwattr $C$DW$45, DW_AT_accessibility(DW_ACCESS_public)
     868                            .dwattr $C$DW$45, DW_AT_decl_file("H:/EECS_388/TI_ARM_Projects/FreeRTOS_ADC_Lab7/Source/includ
     869                            .dwattr $C$DW$45, DW_AT_decl_line(0x76)
     870                            .dwattr $C$DW$45, DW_AT_decl_column(0x09)
     871                    $C$DW$46        .dwtag  DW_TAG_member
     872                            .dwattr $C$DW$46, DW_AT_type(*$C$DW$T$3)
     873                            .dwattr $C$DW$46, DW_AT_name("pvContainer")
     874                            .dwattr $C$DW$46, DW_AT_TI_symbol_name("pvContainer")
     875                            .dwattr $C$DW$46, DW_AT_data_member_location[DW_OP_plus_uconst 0x10]
     876                            .dwattr $C$DW$46, DW_AT_accessibility(DW_ACCESS_public)
     877                            .dwattr $C$DW$46, DW_AT_decl_file("H:/EECS_388/TI_ARM_Projects/FreeRTOS_ADC_Lab7/Source/includ
     878                            .dwattr $C$DW$46, DW_AT_decl_line(0x77)
     879                            .dwattr $C$DW$46, DW_AT_decl_column(0x09)
     880                            .dwendtag $C$DW$T$32
TI ARM Assembler PC v5.1.7 Tue Nov 18 08:17:37 2014

Tools Copyright (c) 1996-2014 Texas Instruments Incorporated
list.asm                                                             PAGE   17

     881                    
     882                            .dwattr $C$DW$T$32, DW_AT_decl_file("H:/EECS_388/TI_ARM_Projects/FreeRTOS_ADC_Lab7/Source/incl
     883                            .dwattr $C$DW$T$32, DW_AT_decl_line(0x71)
     884                            .dwattr $C$DW$T$32, DW_AT_decl_column(0x08)
     885                    $C$DW$T$30      .dwtag  DW_TAG_volatile_type
     886                            .dwattr $C$DW$T$30, DW_AT_type(*$C$DW$T$32)
     887                    $C$DW$T$31      .dwtag  DW_TAG_pointer_type
     888                            .dwattr $C$DW$T$31, DW_AT_type(*$C$DW$T$30)
     889                            .dwattr $C$DW$T$31, DW_AT_address_class(0x20)
     890                    $C$DW$T$23      .dwtag  DW_TAG_typedef, DW_AT_name("xListItem")
     891                            .dwattr $C$DW$T$23, DW_AT_type(*$C$DW$T$32)
     892                            .dwattr $C$DW$T$23, DW_AT_language(DW_LANG_C)
     893                            .dwattr $C$DW$T$23, DW_AT_decl_file("H:/EECS_388/TI_ARM_Projects/FreeRTOS_ADC_Lab7/Source/incl
     894                            .dwattr $C$DW$T$23, DW_AT_decl_line(0x79)
     895                            .dwattr $C$DW$T$23, DW_AT_decl_column(0x1b)
     896                    $C$DW$T$40      .dwtag  DW_TAG_pointer_type
     897                            .dwattr $C$DW$T$40, DW_AT_type(*$C$DW$T$23)
     898                            .dwattr $C$DW$T$40, DW_AT_address_class(0x20)
     899                    $C$DW$T$24      .dwtag  DW_TAG_volatile_type
     900                            .dwattr $C$DW$T$24, DW_AT_type(*$C$DW$T$23)
     901                    $C$DW$T$25      .dwtag  DW_TAG_pointer_type
     902                            .dwattr $C$DW$T$25, DW_AT_type(*$C$DW$T$24)
     903                            .dwattr $C$DW$T$25, DW_AT_address_class(0x20)
     904                    
     905                    $C$DW$T$33      .dwtag  DW_TAG_structure_type
     906                            .dwattr $C$DW$T$33, DW_AT_name("xMINI_LIST_ITEM")
     907                            .dwattr $C$DW$T$33, DW_AT_byte_size(0x0c)
     908                    $C$DW$47        .dwtag  DW_TAG_member
     909                            .dwattr $C$DW$47, DW_AT_type(*$C$DW$T$29)
     910                            .dwattr $C$DW$47, DW_AT_name("xItemValue")
     911                            .dwattr $C$DW$47, DW_AT_TI_symbol_name("xItemValue")
     912                            .dwattr $C$DW$47, DW_AT_data_member_location[DW_OP_plus_uconst 0x0]
     913                            .dwattr $C$DW$47, DW_AT_accessibility(DW_ACCESS_public)
     914                            .dwattr $C$DW$47, DW_AT_decl_file("H:/EECS_388/TI_ARM_Projects/FreeRTOS_ADC_Lab7/Source/includ
     915                            .dwattr $C$DW$47, DW_AT_decl_line(0x7d)
     916                            .dwattr $C$DW$47, DW_AT_decl_column(0x0f)
     917                    $C$DW$48        .dwtag  DW_TAG_member
     918                            .dwattr $C$DW$48, DW_AT_type(*$C$DW$T$31)
     919                            .dwattr $C$DW$48, DW_AT_name("pxNext")
     920                            .dwattr $C$DW$48, DW_AT_TI_symbol_name("pxNext")
     921                            .dwattr $C$DW$48, DW_AT_data_member_location[DW_OP_plus_uconst 0x4]
     922                            .dwattr $C$DW$48, DW_AT_accessibility(DW_ACCESS_public)
     923                            .dwattr $C$DW$48, DW_AT_decl_file("H:/EECS_388/TI_ARM_Projects/FreeRTOS_ADC_Lab7/Source/includ
     924                            .dwattr $C$DW$48, DW_AT_decl_line(0x7e)
     925                            .dwattr $C$DW$48, DW_AT_decl_column(0x1e)
     926                    $C$DW$49        .dwtag  DW_TAG_member
     927                            .dwattr $C$DW$49, DW_AT_type(*$C$DW$T$31)
     928                            .dwattr $C$DW$49, DW_AT_name("pxPrevious")
     929                            .dwattr $C$DW$49, DW_AT_TI_symbol_name("pxPrevious")
     930                            .dwattr $C$DW$49, DW_AT_data_member_location[DW_OP_plus_uconst 0x8]
     931                            .dwattr $C$DW$49, DW_AT_accessibility(DW_ACCESS_public)
     932                            .dwattr $C$DW$49, DW_AT_decl_file("H:/EECS_388/TI_ARM_Projects/FreeRTOS_ADC_Lab7/Source/includ
     933                            .dwattr $C$DW$49, DW_AT_decl_line(0x7f)
     934                            .dwattr $C$DW$49, DW_AT_decl_column(0x1e)
     935                            .dwendtag $C$DW$T$33
TI ARM Assembler PC v5.1.7 Tue Nov 18 08:17:37 2014

Tools Copyright (c) 1996-2014 Texas Instruments Incorporated
list.asm                                                             PAGE   18

     936                    
     937                            .dwattr $C$DW$T$33, DW_AT_decl_file("H:/EECS_388/TI_ARM_Projects/FreeRTOS_ADC_Lab7/Source/incl
     938                            .dwattr $C$DW$T$33, DW_AT_decl_line(0x7b)
     939                            .dwattr $C$DW$T$33, DW_AT_decl_column(0x08)
     940                    $C$DW$T$26      .dwtag  DW_TAG_typedef, DW_AT_name("xMiniListItem")
     941                            .dwattr $C$DW$T$26, DW_AT_type(*$C$DW$T$33)
     942                            .dwattr $C$DW$T$26, DW_AT_language(DW_LANG_C)
     943                            .dwattr $C$DW$T$26, DW_AT_decl_file("H:/EECS_388/TI_ARM_Projects/FreeRTOS_ADC_Lab7/Source/incl
     944                            .dwattr $C$DW$T$26, DW_AT_decl_line(0x81)
     945                            .dwattr $C$DW$T$26, DW_AT_decl_column(0x20)
     946                    $C$DW$T$27      .dwtag  DW_TAG_volatile_type
     947                            .dwattr $C$DW$T$27, DW_AT_type(*$C$DW$T$26)
     948                            .dwattr $C$DW$CU, DW_AT_language(DW_LANG_C)
     949                    
     950                    ;***************************************************************
     951                    ;* DWARF CIE ENTRIES                                           *
     952                    ;***************************************************************
     953                    
     954                    $C$DW$CIE       .dwcie 14
     955                            .dwcfi  cfa_register, 13
     956                            .dwcfi  cfa_offset, 0
     957                            .dwcfi  undefined, 0
     958                            .dwcfi  undefined, 1
     959                            .dwcfi  undefined, 2
     960                            .dwcfi  undefined, 3
     961                            .dwcfi  same_value, 4
     962                            .dwcfi  same_value, 5
     963                            .dwcfi  same_value, 6
     964                            .dwcfi  same_value, 7
     965                            .dwcfi  same_value, 8
     966                            .dwcfi  same_value, 9
     967                            .dwcfi  same_value, 10
     968                            .dwcfi  same_value, 11
     969                            .dwcfi  undefined, 12
     970                            .dwcfi  undefined, 13
     971                            .dwcfi  undefined, 14
     972                            .dwcfi  undefined, 14
     973                            .dwcfi  undefined, 7
     974                            .dwendentry
     975                            .dwendtag $C$DW$CU
     976                    

--------------------------
Thumb2 Statistics
--------------------------
Number of Thumb2 ins converted to Thumb = 0 (0%)
Number of Thumb ins in input = 159 (95%)
Number of Thumb2 ins encoded as Thumb2 = 7 (100%)
Number of Thumb2 ins converted to 2 OPND Thumb = 17


No Assembly Errors, No Assembly Warnings
